{"meta": {"format": 3, "version": "7.10.7", "timestamp": "2025-11-25T01:24:26.611058", "branch_coverage": false, "show_contexts": false}, "files": {"src/__init__.py": {"executed_lines": [1, 3, 4, 6, 7, 9, 10, 12, 13, 14, 15], "summary": {"covered_lines": 10, "num_statements": 10, "percent_covered": 100.0, "percent_covered_display": "100", "missing_lines": 0, "excluded_lines": 0}, "missing_lines": [], "excluded_lines": [], "functions": {"": {"executed_lines": [1, 3, 4, 6, 7, 9, 10, 12, 13, 14, 15], "summary": {"covered_lines": 10, "num_statements": 10, "percent_covered": 100.0, "percent_covered_display": "100", "missing_lines": 0, "excluded_lines": 0}, "missing_lines": [], "excluded_lines": []}}, "classes": {"": {"executed_lines": [1, 3, 4, 6, 7, 9, 10, 12, 13, 14, 15], "summary": {"covered_lines": 10, "num_statements": 10, "percent_covered": 100.0, "percent_covered_display": "100", "missing_lines": 0, "excluded_lines": 0}, "missing_lines": [], "excluded_lines": []}}}, "src/combat/__init__.py": {"executed_lines": [1], "summary": {"covered_lines": 0, "num_statements": 0, "percent_covered": 100.0, "percent_covered_display": "100", "missing_lines": 0, "excluded_lines": 0}, "missing_lines": [], "excluded_lines": [], "functions": {"": {"executed_lines": [1], "summary": {"covered_lines": 0, "num_statements": 0, "percent_covered": 100.0, "percent_covered_display": "100", "missing_lines": 0, "excluded_lines": 0}, "missing_lines": [], "excluded_lines": []}}, "classes": {"": {"executed_lines": [1], "summary": {"covered_lines": 0, "num_statements": 0, "percent_covered": 100.0, "percent_covered_display": "100", "missing_lines": 0, "excluded_lines": 0}, "missing_lines": [], "excluded_lines": []}}}, "src/combat/combat_critical_calculator.py": {"executed_lines": [1, 3, 5, 8, 9, 22, 25, 26, 29, 34, 35, 40, 43, 46, 48, 58, 63, 66, 68, 78, 83, 86, 88, 97, 98, 100, 109, 110, 112, 121], "summary": {"covered_lines": 28, "num_statements": 28, "percent_covered": 100.0, "percent_covered_display": "100", "missing_lines": 0, "excluded_lines": 0}, "missing_lines": [], "excluded_lines": [], "functions": {"CriticalCalculator.__init__": {"executed_lines": [25, 26, 29, 34, 35, 40, 43, 46], "summary": {"covered_lines": 8, "num_statements": 8, "percent_covered": 100.0, "percent_covered_display": "100", "missing_lines": 0, "excluded_lines": 0}, "missing_lines": [], "excluded_lines": []}, "CriticalCalculator.calculate_critical_chance": {"executed_lines": [58, 63, 66], "summary": {"covered_lines": 3, "num_statements": 3, "percent_covered": 100.0, "percent_covered_display": "100", "missing_lines": 0, "excluded_lines": 0}, "missing_lines": [], "excluded_lines": []}, "CriticalCalculator.calculate_dodge_chance": {"executed_lines": [78, 83, 86], "summary": {"covered_lines": 3, "num_statements": 3, "percent_covered": 100.0, "percent_covered_display": "100", "missing_lines": 0, "excluded_lines": 0}, "missing_lines": [], "excluded_lines": []}, "CriticalCalculator.is_critical_hit": {"executed_lines": [97, 98], "summary": {"covered_lines": 2, "num_statements": 2, "percent_covered": 100.0, "percent_covered_display": "100", "missing_lines": 0, "excluded_lines": 0}, "missing_lines": [], "excluded_lines": []}, "CriticalCalculator.is_dodged": {"executed_lines": [109, 110], "summary": {"covered_lines": 2, "num_statements": 2, "percent_covered": 100.0, "percent_covered_display": "100", "missing_lines": 0, "excluded_lines": 0}, "missing_lines": [], "excluded_lines": []}, "CriticalCalculator.apply_critical_damage": {"executed_lines": [121], "summary": {"covered_lines": 1, "num_statements": 1, "percent_covered": 100.0, "percent_covered_display": "100", "missing_lines": 0, "excluded_lines": 0}, "missing_lines": [], "excluded_lines": []}, "": {"executed_lines": [1, 3, 5, 8, 9, 22, 48, 68, 88, 100, 112], "summary": {"covered_lines": 9, "num_statements": 9, "percent_covered": 100.0, "percent_covered_display": "100", "missing_lines": 0, "excluded_lines": 0}, "missing_lines": [], "excluded_lines": []}}, "classes": {"CriticalCalculator": {"executed_lines": [25, 26, 29, 34, 35, 40, 43, 46, 58, 63, 66, 78, 83, 86, 97, 98, 109, 110, 121], "summary": {"covered_lines": 19, "num_statements": 19, "percent_covered": 100.0, "percent_covered_display": "100", "missing_lines": 0, "excluded_lines": 0}, "missing_lines": [], "excluded_lines": []}, "": {"executed_lines": [1, 3, 5, 8, 9, 22, 48, 68, 88, 100, 112], "summary": {"covered_lines": 9, "num_statements": 9, "percent_covered": 100.0, "percent_covered_display": "100", "missing_lines": 0, "excluded_lines": 0}, "missing_lines": [], "excluded_lines": []}}}, "src/combat/combat_damage_calculator.py": {"executed_lines": [1, 3, 4, 6, 7, 9, 12, 13, 19, 28, 31, 33, 52, 55, 58, 59, 60, 65, 67, 68, 82, 85, 86, 89, 92, 94, 104, 105, 106], "summary": {"covered_lines": 27, "num_statements": 27, "percent_covered": 100.0, "percent_covered_display": "100", "missing_lines": 0, "excluded_lines": 0}, "missing_lines": [], "excluded_lines": [], "functions": {"DamageCalculator.__init__": {"executed_lines": [28, 31], "summary": {"covered_lines": 2, "num_statements": 2, "percent_covered": 100.0, "percent_covered_display": "100", "missing_lines": 0, "excluded_lines": 0}, "missing_lines": [], "excluded_lines": []}, "DamageCalculator.calculate_player_damage": {"executed_lines": [52, 55, 58, 59, 60, 65], "summary": {"covered_lines": 6, "num_statements": 6, "percent_covered": 100.0, "percent_covered_display": "100", "missing_lines": 0, "excluded_lines": 0}, "missing_lines": [], "excluded_lines": []}, "DamageCalculator.calculate_npc_damage": {"executed_lines": [82, 85, 86, 89, 92], "summary": {"covered_lines": 5, "num_statements": 5, "percent_covered": 100.0, "percent_covered_display": "100", "missing_lines": 0, "excluded_lines": 0}, "missing_lines": [], "excluded_lines": []}, "DamageCalculator._apply_defense_reduction": {"executed_lines": [104, 105, 106], "summary": {"covered_lines": 3, "num_statements": 3, "percent_covered": 100.0, "percent_covered_display": "100", "missing_lines": 0, "excluded_lines": 0}, "missing_lines": [], "excluded_lines": []}, "": {"executed_lines": [1, 3, 4, 6, 7, 9, 12, 13, 19, 33, 67, 68, 94], "summary": {"covered_lines": 11, "num_statements": 11, "percent_covered": 100.0, "percent_covered_display": "100", "missing_lines": 0, "excluded_lines": 0}, "missing_lines": [], "excluded_lines": []}}, "classes": {"DamageCalculator": {"executed_lines": [28, 31, 52, 55, 58, 59, 60, 65, 82, 85, 86, 89, 92, 104, 105, 106], "summary": {"covered_lines": 16, "num_statements": 16, "percent_covered": 100.0, "percent_covered_display": "100", "missing_lines": 0, "excluded_lines": 0}, "missing_lines": [], "excluded_lines": []}, "": {"executed_lines": [1, 3, 4, 6, 7, 9, 12, 13, 19, 33, 67, 68, 94], "summary": {"covered_lines": 11, "num_statements": 11, "percent_covered": 100.0, "percent_covered_display": "100", "missing_lines": 0, "excluded_lines": 0}, "missing_lines": [], "excluded_lines": []}}}, "src/combat/combat_reward_calculator.py": {"executed_lines": [1, 3, 4, 6, 9, 10, 15, 26, 27, 29, 39, 40, 41, 43, 53, 54, 55], "summary": {"covered_lines": 15, "num_statements": 15, "percent_covered": 100.0, "percent_covered_display": "100", "missing_lines": 0, "excluded_lines": 0}, "missing_lines": [], "excluded_lines": [], "functions": {"RewardCalculator.__init__": {"executed_lines": [26, 27], "summary": {"covered_lines": 2, "num_statements": 2, "percent_covered": 100.0, "percent_covered_display": "100", "missing_lines": 0, "excluded_lines": 0}, "missing_lines": [], "excluded_lines": []}, "RewardCalculator.calculate_experience": {"executed_lines": [39, 40, 41], "summary": {"covered_lines": 3, "num_statements": 3, "percent_covered": 100.0, "percent_covered_display": "100", "missing_lines": 0, "excluded_lines": 0}, "missing_lines": [], "excluded_lines": []}, "RewardCalculator.calculate_gold_drop": {"executed_lines": [53, 54, 55], "summary": {"covered_lines": 3, "num_statements": 3, "percent_covered": 100.0, "percent_covered_display": "100", "missing_lines": 0, "excluded_lines": 0}, "missing_lines": [], "excluded_lines": []}, "": {"executed_lines": [1, 3, 4, 6, 9, 10, 15, 29, 43], "summary": {"covered_lines": 7, "num_statements": 7, "percent_covered": 100.0, "percent_covered_display": "100", "missing_lines": 0, "excluded_lines": 0}, "missing_lines": [], "excluded_lines": []}}, "classes": {"RewardCalculator": {"executed_lines": [26, 27, 39, 40, 41, 53, 54, 55], "summary": {"covered_lines": 8, "num_statements": 8, "percent_covered": 100.0, "percent_covered_display": "100", "missing_lines": 0, "excluded_lines": 0}, "missing_lines": [], "excluded_lines": []}, "": {"executed_lines": [1, 3, 4, 6, 9, 10, 15, 29, 43], "summary": {"covered_lines": 7, "num_statements": 7, "percent_covered": 100.0, "percent_covered_display": "100", "missing_lines": 0, "excluded_lines": 0}, "missing_lines": [], "excluded_lines": []}}}, "src/combat/combat_validator.py": {"executed_lines": [1, 3, 5, 7, 10, 11, 17, 23, 25, 35, 36, 38, 39, 49, 51, 52, 63, 64], "summary": {"covered_lines": 16, "num_statements": 16, "percent_covered": 100.0, "percent_covered_display": "100", "missing_lines": 0, "excluded_lines": 0}, "missing_lines": [], "excluded_lines": [], "functions": {"CombatValidator.__init__": {"executed_lines": [23], "summary": {"covered_lines": 1, "num_statements": 1, "percent_covered": 100.0, "percent_covered_display": "100", "missing_lines": 0, "excluded_lines": 0}, "missing_lines": [], "excluded_lines": []}, "CombatValidator.can_attack": {"executed_lines": [35, 36], "summary": {"covered_lines": 2, "num_statements": 2, "percent_covered": 100.0, "percent_covered_display": "100", "missing_lines": 0, "excluded_lines": 0}, "missing_lines": [], "excluded_lines": []}, "CombatValidator.calculate_distance": {"executed_lines": [49], "summary": {"covered_lines": 1, "num_statements": 1, "percent_covered": 100.0, "percent_covered_display": "100", "missing_lines": 0, "excluded_lines": 0}, "missing_lines": [], "excluded_lines": []}, "CombatValidator.is_in_range": {"executed_lines": [63, 64], "summary": {"covered_lines": 2, "num_statements": 2, "percent_covered": 100.0, "percent_covered_display": "100", "missing_lines": 0, "excluded_lines": 0}, "missing_lines": [], "excluded_lines": []}, "": {"executed_lines": [1, 3, 5, 7, 10, 11, 17, 25, 38, 39, 51, 52], "summary": {"covered_lines": 10, "num_statements": 10, "percent_covered": 100.0, "percent_covered_display": "100", "missing_lines": 0, "excluded_lines": 0}, "missing_lines": [], "excluded_lines": []}}, "classes": {"CombatValidator": {"executed_lines": [23, 35, 36, 49, 63, 64], "summary": {"covered_lines": 6, "num_statements": 6, "percent_covered": 100.0, "percent_covered_display": "100", "missing_lines": 0, "excluded_lines": 0}, "missing_lines": [], "excluded_lines": []}, "": {"executed_lines": [1, 3, 5, 7, 10, 11, 17, 25, 38, 39, 51, 52], "summary": {"covered_lines": 10, "num_statements": 10, "percent_covered": 100.0, "percent_covered_display": "100", "missing_lines": 0, "excluded_lines": 0}, "missing_lines": [], "excluded_lines": []}}}, "src/command_handlers/__init__.py": {"executed_lines": [1, 16, 17, 18, 19, 20, 21, 22, 23, 24, 25, 26, 27, 28, 29, 30, 31, 32, 33, 34, 35, 36, 37, 38, 39, 40, 41, 42, 43, 44, 45, 46, 47, 48, 49, 50, 51, 52, 53, 56, 57, 58, 59, 60, 61, 62, 63, 64, 66], "summary": {"covered_lines": 48, "num_statements": 48, "percent_covered": 100.0, "percent_covered_display": "100", "missing_lines": 0, "excluded_lines": 0}, "missing_lines": [], "excluded_lines": [], "functions": {"": {"executed_lines": [1, 16, 17, 18, 19, 20, 21, 22, 23, 24, 25, 26, 27, 28, 29, 30, 31, 32, 33, 34, 35, 36, 37, 38, 39, 40, 41, 42, 43, 44, 45, 46, 47, 48, 49, 50, 51, 52, 53, 56, 57, 58, 59, 60, 61, 62, 63, 64, 66], "summary": {"covered_lines": 48, "num_statements": 48, "percent_covered": 100.0, "percent_covered_display": "100", "missing_lines": 0, "excluded_lines": 0}, "missing_lines": [], "excluded_lines": []}}, "classes": {"": {"executed_lines": [1, 16, 17, 18, 19, 20, 21, 22, 23, 24, 25, 26, 27, 28, 29, 30, 31, 32, 33, 34, 35, 36, 37, 38, 39, 40, 41, 42, 43, 44, 45, 46, 47, 48, 49, 50, 51, 52, 53, 56, 57, 58, 59, 60, 61, 62, 63, 64, 66], "summary": {"covered_lines": 48, "num_statements": 48, "percent_covered": 100.0, "percent_covered_display": "100", "missing_lines": 0, "excluded_lines": 0}, "missing_lines": [], "excluded_lines": []}}}, "src/command_handlers/attack_handler.py": {"executed_lines": [1, 3, 4, 6, 7, 8, 9, 10, 12, 26, 29, 30, 32, 61, 62, 63, 64, 65, 66, 67, 68, 69, 70, 71, 73, 241, 255, 257, 258, 261, 262, 263, 266, 267, 268, 271, 272, 274, 275, 278, 279, 282, 283, 284, 286, 288], "summary": {"covered_lines": 43, "num_statements": 127, "percent_covered": 33.85826771653543, "percent_covered_display": "34", "missing_lines": 84, "excluded_lines": 13}, "missing_lines": [82, 83, 85, 86, 87, 88, 91, 92, 98, 99, 100, 103, 104, 105, 106, 108, 109, 111, 122, 123, 125, 126, 127, 128, 130, 132, 133, 135, 136, 139, 140, 141, 144, 148, 149, 150, 152, 153, 154, 155, 158, 159, 160, 165, 168, 171, 172, 175, 179, 182, 187, 188, 191, 192, 201, 206, 207, 210, 213, 214, 216, 226, 227, 231, 294, 295, 297, 299, 301, 302, 303, 304, 306, 314, 316, 317, 323, 325, 328, 337, 342, 343, 350, 351], "excluded_lines": [12, 13, 14, 15, 16, 17, 18, 19, 20, 21, 22, 23, 24], "functions": {"AttackCommandHandler.__init__": {"executed_lines": [61, 62, 63, 64, 65, 66, 67, 68, 69, 70, 71], "summary": {"covered_lines": 11, "num_statements": 11, "percent_covered": 100.0, "percent_covered_display": "100", "missing_lines": 0, "excluded_lines": 0}, "missing_lines": [], "excluded_lines": []}, "AttackCommandHandler.handle": {"executed_lines": [], "summary": {"covered_lines": 0, "num_statements": 64, "percent_covered": 0.0, "percent_covered_display": "0", "missing_lines": 64, "excluded_lines": 0}, "missing_lines": [82, 83, 85, 86, 87, 88, 91, 92, 98, 99, 100, 103, 104, 105, 106, 108, 109, 111, 122, 123, 125, 126, 127, 128, 130, 132, 133, 135, 136, 139, 140, 141, 144, 148, 149, 150, 152, 153, 154, 155, 158, 159, 160, 165, 168, 171, 172, 175, 179, 182, 187, 188, 191, 192, 201, 206, 207, 210, 213, 214, 216, 226, 227, 231], "excluded_lines": []}, "AttackCommandHandler._find_free_position_for_drop": {"executed_lines": [255, 257, 258, 261, 262, 263, 266, 267, 268, 271, 272, 274, 275, 278, 279, 282, 283, 284, 286], "summary": {"covered_lines": 19, "num_statements": 19, "percent_covered": 100.0, "percent_covered_display": "100", "missing_lines": 0, "excluded_lines": 0}, "missing_lines": [], "excluded_lines": []}, "AttackCommandHandler._handle_loot_drop": {"executed_lines": [], "summary": {"covered_lines": 0, "num_statements": 20, "percent_covered": 0.0, "percent_covered_display": "0", "missing_lines": 20, "excluded_lines": 0}, "missing_lines": [294, 295, 297, 299, 301, 302, 303, 304, 306, 314, 316, 317, 323, 325, 328, 337, 342, 343, 350, 351], "excluded_lines": []}, "": {"executed_lines": [1, 3, 4, 6, 7, 8, 9, 10, 12, 26, 29, 30, 32, 73, 241, 288], "summary": {"covered_lines": 13, "num_statements": 13, "percent_covered": 100.0, "percent_covered_display": "100", "missing_lines": 0, "excluded_lines": 13}, "missing_lines": [], "excluded_lines": [12, 13, 14, 15, 16, 17, 18, 19, 20, 21, 22, 23, 24]}}, "classes": {"AttackCommandHandler": {"executed_lines": [61, 62, 63, 64, 65, 66, 67, 68, 69, 70, 71, 255, 257, 258, 261, 262, 263, 266, 267, 268, 271, 272, 274, 275, 278, 279, 282, 283, 284, 286], "summary": {"covered_lines": 30, "num_statements": 114, "percent_covered": 26.31578947368421, "percent_covered_display": "26", "missing_lines": 84, "excluded_lines": 0}, "missing_lines": [82, 83, 85, 86, 87, 88, 91, 92, 98, 99, 100, 103, 104, 105, 106, 108, 109, 111, 122, 123, 125, 126, 127, 128, 130, 132, 133, 135, 136, 139, 140, 141, 144, 148, 149, 150, 152, 153, 154, 155, 158, 159, 160, 165, 168, 171, 172, 175, 179, 182, 187, 188, 191, 192, 201, 206, 207, 210, 213, 214, 216, 226, 227, 231, 294, 295, 297, 299, 301, 302, 303, 304, 306, 314, 316, 317, 323, 325, 328, 337, 342, 343, 350, 351], "excluded_lines": []}, "": {"executed_lines": [1, 3, 4, 6, 7, 8, 9, 10, 12, 26, 29, 30, 32, 73, 241, 288], "summary": {"covered_lines": 13, "num_statements": 13, "percent_covered": 100.0, "percent_covered_display": "100", "missing_lines": 0, "excluded_lines": 13}, "missing_lines": [], "excluded_lines": [12, 13, 14, 15, 16, 17, 18, 19, 20, 21, 22, 23, 24]}}}, "src/command_handlers/ayuda_handler.py": {"executed_lines": [1, 3, 4, 6, 7, 9, 12, 15, 16, 18, 29], "summary": {"covered_lines": 8, "num_statements": 20, "percent_covered": 40.0, "percent_covered_display": "40", "missing_lines": 12, "excluded_lines": 2}, "missing_lines": [27, 38, 39, 41, 46, 48, 72, 73, 75, 77, 78, 79], "excluded_lines": [9, 10], "functions": {"AyudaCommandHandler.__init__": {"executed_lines": [], "summary": {"covered_lines": 0, "num_statements": 1, "percent_covered": 0.0, "percent_covered_display": "0", "missing_lines": 1, "excluded_lines": 0}, "missing_lines": [27], "excluded_lines": []}, "AyudaCommandHandler.handle": {"executed_lines": [], "summary": {"covered_lines": 0, "num_statements": 11, "percent_covered": 0.0, "percent_covered_display": "0", "missing_lines": 11, "excluded_lines": 0}, "missing_lines": [38, 39, 41, 46, 48, 72, 73, 75, 77, 78, 79], "excluded_lines": []}, "": {"executed_lines": [1, 3, 4, 6, 7, 9, 12, 15, 16, 18, 29], "summary": {"covered_lines": 8, "num_statements": 8, "percent_covered": 100.0, "percent_covered_display": "100", "missing_lines": 0, "excluded_lines": 2}, "missing_lines": [], "excluded_lines": [9, 10]}}, "classes": {"AyudaCommandHandler": {"executed_lines": [], "summary": {"covered_lines": 0, "num_statements": 12, "percent_covered": 0.0, "percent_covered_display": "0", "missing_lines": 12, "excluded_lines": 0}, "missing_lines": [27, 38, 39, 41, 46, 48, 72, 73, 75, 77, 78, 79], "excluded_lines": []}, "": {"executed_lines": [1, 3, 4, 6, 7, 9, 12, 15, 16, 18, 29], "summary": {"covered_lines": 8, "num_statements": 8, "percent_covered": 100.0, "percent_covered_display": "100", "missing_lines": 0, "excluded_lines": 2}, "missing_lines": [], "excluded_lines": [9, 10]}}}, "src/command_handlers/bank_deposit_gold_handler.py": {"executed_lines": [1, 3, 4, 6, 7, 9, 14, 17, 18, 20, 37], "summary": {"covered_lines": 8, "num_statements": 38, "percent_covered": 21.05263157894737, "percent_covered_display": "21", "missing_lines": 30, "excluded_lines": 4}, "missing_lines": [33, 34, 35, 46, 47, 49, 50, 52, 58, 60, 61, 64, 67, 68, 69, 72, 75, 76, 77, 78, 81, 84, 85, 88, 91, 95, 101, 103, 104, 105], "excluded_lines": [9, 10, 11, 12], "functions": {"BankDepositGoldCommandHandler.__init__": {"executed_lines": [], "summary": {"covered_lines": 0, "num_statements": 3, "percent_covered": 0.0, "percent_covered_display": "0", "missing_lines": 3, "excluded_lines": 0}, "missing_lines": [33, 34, 35], "excluded_lines": []}, "BankDepositGoldCommandHandler.handle": {"executed_lines": [], "summary": {"covered_lines": 0, "num_statements": 27, "percent_covered": 0.0, "percent_covered_display": "0", "missing_lines": 27, "excluded_lines": 0}, "missing_lines": [46, 47, 49, 50, 52, 58, 60, 61, 64, 67, 68, 69, 72, 75, 76, 77, 78, 81, 84, 85, 88, 91, 95, 101, 103, 104, 105], "excluded_lines": []}, "": {"executed_lines": [1, 3, 4, 6, 7, 9, 14, 17, 18, 20, 37], "summary": {"covered_lines": 8, "num_statements": 8, "percent_covered": 100.0, "percent_covered_display": "100", "missing_lines": 0, "excluded_lines": 4}, "missing_lines": [], "excluded_lines": [9, 10, 11, 12]}}, "classes": {"BankDepositGoldCommandHandler": {"executed_lines": [], "summary": {"covered_lines": 0, "num_statements": 30, "percent_covered": 0.0, "percent_covered_display": "0", "missing_lines": 30, "excluded_lines": 0}, "missing_lines": [33, 34, 35, 46, 47, 49, 50, 52, 58, 60, 61, 64, 67, 68, 69, 72, 75, 76, 77, 78, 81, 84, 85, 88, 91, 95, 101, 103, 104, 105], "excluded_lines": []}, "": {"executed_lines": [1, 3, 4, 6, 7, 9, 14, 17, 18, 20, 37], "summary": {"covered_lines": 8, "num_statements": 8, "percent_covered": 100.0, "percent_covered_display": "100", "missing_lines": 0, "excluded_lines": 4}, "missing_lines": [], "excluded_lines": [9, 10, 11, 12]}}}, "src/command_handlers/bank_deposit_handler.py": {"executed_lines": [1, 3, 4, 6, 7, 8, 10, 16, 19, 20, 22, 42], "summary": {"covered_lines": 9, "num_statements": 55, "percent_covered": 16.363636363636363, "percent_covered_display": "16", "missing_lines": 46, "excluded_lines": 5}, "missing_lines": [37, 38, 39, 40, 51, 52, 54, 55, 56, 58, 65, 67, 68, 69, 70, 72, 73, 74, 77, 80, 82, 83, 84, 87, 90, 92, 93, 94, 98, 101, 102, 103, 104, 107, 108, 109, 125, 141, 142, 143, 156, 160, 168, 172, 173, 174], "excluded_lines": [10, 11, 12, 13, 14], "functions": {"BankDepositCommandHandler.__init__": {"executed_lines": [], "summary": {"covered_lines": 0, "num_statements": 4, "percent_covered": 0.0, "percent_covered_display": "0", "missing_lines": 4, "excluded_lines": 0}, "missing_lines": [37, 38, 39, 40], "excluded_lines": []}, "BankDepositCommandHandler.handle": {"executed_lines": [], "summary": {"covered_lines": 0, "num_statements": 42, "percent_covered": 0.0, "percent_covered_display": "0", "missing_lines": 42, "excluded_lines": 0}, "missing_lines": [51, 52, 54, 55, 56, 58, 65, 67, 68, 69, 70, 72, 73, 74, 77, 80, 82, 83, 84, 87, 90, 92, 93, 94, 98, 101, 102, 103, 104, 107, 108, 109, 125, 141, 142, 143, 156, 160, 168, 172, 173, 174], "excluded_lines": []}, "": {"executed_lines": [1, 3, 4, 6, 7, 8, 10, 16, 19, 20, 22, 42], "summary": {"covered_lines": 9, "num_statements": 9, "percent_covered": 100.0, "percent_covered_display": "100", "missing_lines": 0, "excluded_lines": 5}, "missing_lines": [], "excluded_lines": [10, 11, 12, 13, 14]}}, "classes": {"BankDepositCommandHandler": {"executed_lines": [], "summary": {"covered_lines": 0, "num_statements": 46, "percent_covered": 0.0, "percent_covered_display": "0", "missing_lines": 46, "excluded_lines": 0}, "missing_lines": [37, 38, 39, 40, 51, 52, 54, 55, 56, 58, 65, 67, 68, 69, 70, 72, 73, 74, 77, 80, 82, 83, 84, 87, 90, 92, 93, 94, 98, 101, 102, 103, 104, 107, 108, 109, 125, 141, 142, 143, 156, 160, 168, 172, 173, 174], "excluded_lines": []}, "": {"executed_lines": [1, 3, 4, 6, 7, 8, 10, 16, 19, 20, 22, 42], "summary": {"covered_lines": 9, "num_statements": 9, "percent_covered": 100.0, "percent_covered_display": "100", "missing_lines": 0, "excluded_lines": 5}, "missing_lines": [], "excluded_lines": [10, 11, 12, 13, 14]}}}, "src/command_handlers/bank_end_handler.py": {"executed_lines": [1, 3, 4, 6, 7, 9, 12, 15, 16, 18, 29], "summary": {"covered_lines": 8, "num_statements": 23, "percent_covered": 34.78260869565217, "percent_covered_display": "35", "missing_lines": 15, "excluded_lines": 2}, "missing_lines": [27, 38, 39, 41, 43, 45, 46, 48, 50, 52, 53, 55, 57, 58, 59], "excluded_lines": [9, 10], "functions": {"BankEndCommandHandler.__init__": {"executed_lines": [], "summary": {"covered_lines": 0, "num_statements": 1, "percent_covered": 0.0, "percent_covered_display": "0", "missing_lines": 1, "excluded_lines": 0}, "missing_lines": [27], "excluded_lines": []}, "BankEndCommandHandler.handle": {"executed_lines": [], "summary": {"covered_lines": 0, "num_statements": 14, "percent_covered": 0.0, "percent_covered_display": "0", "missing_lines": 14, "excluded_lines": 0}, "missing_lines": [38, 39, 41, 43, 45, 46, 48, 50, 52, 53, 55, 57, 58, 59], "excluded_lines": []}, "": {"executed_lines": [1, 3, 4, 6, 7, 9, 12, 15, 16, 18, 29], "summary": {"covered_lines": 8, "num_statements": 8, "percent_covered": 100.0, "percent_covered_display": "100", "missing_lines": 0, "excluded_lines": 2}, "missing_lines": [], "excluded_lines": [9, 10]}}, "classes": {"BankEndCommandHandler": {"executed_lines": [], "summary": {"covered_lines": 0, "num_statements": 15, "percent_covered": 0.0, "percent_covered_display": "0", "missing_lines": 15, "excluded_lines": 0}, "missing_lines": [27, 38, 39, 41, 43, 45, 46, 48, 50, 52, 53, 55, 57, 58, 59], "excluded_lines": []}, "": {"executed_lines": [1, 3, 4, 6, 7, 9, 12, 15, 16, 18, 29], "summary": {"covered_lines": 8, "num_statements": 8, "percent_covered": 100.0, "percent_covered_display": "100", "missing_lines": 0, "excluded_lines": 2}, "missing_lines": [], "excluded_lines": [9, 10]}}}, "src/command_handlers/bank_extract_gold_handler.py": {"executed_lines": [1, 3, 4, 6, 7, 9, 14, 17, 18, 20, 37], "summary": {"covered_lines": 8, "num_statements": 39, "percent_covered": 20.512820512820515, "percent_covered_display": "21", "missing_lines": 31, "excluded_lines": 4}, "missing_lines": [33, 34, 35, 46, 47, 49, 50, 52, 58, 60, 61, 64, 67, 68, 69, 72, 77, 78, 79, 80, 83, 86, 87, 90, 91, 94, 98, 104, 106, 107, 108], "excluded_lines": [9, 10, 11, 12], "functions": {"BankExtractGoldCommandHandler.__init__": {"executed_lines": [], "summary": {"covered_lines": 0, "num_statements": 3, "percent_covered": 0.0, "percent_covered_display": "0", "missing_lines": 3, "excluded_lines": 0}, "missing_lines": [33, 34, 35], "excluded_lines": []}, "BankExtractGoldCommandHandler.handle": {"executed_lines": [], "summary": {"covered_lines": 0, "num_statements": 28, "percent_covered": 0.0, "percent_covered_display": "0", "missing_lines": 28, "excluded_lines": 0}, "missing_lines": [46, 47, 49, 50, 52, 58, 60, 61, 64, 67, 68, 69, 72, 77, 78, 79, 80, 83, 86, 87, 90, 91, 94, 98, 104, 106, 107, 108], "excluded_lines": []}, "": {"executed_lines": [1, 3, 4, 6, 7, 9, 14, 17, 18, 20, 37], "summary": {"covered_lines": 8, "num_statements": 8, "percent_covered": 100.0, "percent_covered_display": "100", "missing_lines": 0, "excluded_lines": 4}, "missing_lines": [], "excluded_lines": [9, 10, 11, 12]}}, "classes": {"BankExtractGoldCommandHandler": {"executed_lines": [], "summary": {"covered_lines": 0, "num_statements": 31, "percent_covered": 0.0, "percent_covered_display": "0", "missing_lines": 31, "excluded_lines": 0}, "missing_lines": [33, 34, 35, 46, 47, 49, 50, 52, 58, 60, 61, 64, 67, 68, 69, 72, 77, 78, 79, 80, 83, 86, 87, 90, 91, 94, 98, 104, 106, 107, 108], "excluded_lines": []}, "": {"executed_lines": [1, 3, 4, 6, 7, 9, 14, 17, 18, 20, 37], "summary": {"covered_lines": 8, "num_statements": 8, "percent_covered": 100.0, "percent_covered_display": "100", "missing_lines": 0, "excluded_lines": 4}, "missing_lines": [], "excluded_lines": [9, 10, 11, 12]}}}, "src/command_handlers/bank_extract_handler.py": {"executed_lines": [1, 3, 4, 6, 7, 8, 10, 16, 19, 20, 22, 42], "summary": {"covered_lines": 9, "num_statements": 56, "percent_covered": 16.071428571428573, "percent_covered_display": "16", "missing_lines": 47, "excluded_lines": 5}, "missing_lines": [37, 38, 39, 40, 51, 52, 54, 55, 56, 58, 65, 67, 68, 69, 72, 74, 75, 78, 83, 85, 86, 87, 90, 94, 95, 97, 98, 99, 102, 103, 104, 105, 108, 109, 115, 131, 132, 133, 139, 153, 154, 167, 171, 179, 188, 189, 190], "excluded_lines": [10, 11, 12, 13, 14], "functions": {"BankExtractCommandHandler.__init__": {"executed_lines": [], "summary": {"covered_lines": 0, "num_statements": 4, "percent_covered": 0.0, "percent_covered_display": "0", "missing_lines": 4, "excluded_lines": 0}, "missing_lines": [37, 38, 39, 40], "excluded_lines": []}, "BankExtractCommandHandler.handle": {"executed_lines": [], "summary": {"covered_lines": 0, "num_statements": 43, "percent_covered": 0.0, "percent_covered_display": "0", "missing_lines": 43, "excluded_lines": 0}, "missing_lines": [51, 52, 54, 55, 56, 58, 65, 67, 68, 69, 72, 74, 75, 78, 83, 85, 86, 87, 90, 94, 95, 97, 98, 99, 102, 103, 104, 105, 108, 109, 115, 131, 132, 133, 139, 153, 154, 167, 171, 179, 188, 189, 190], "excluded_lines": []}, "": {"executed_lines": [1, 3, 4, 6, 7, 8, 10, 16, 19, 20, 22, 42], "summary": {"covered_lines": 9, "num_statements": 9, "percent_covered": 100.0, "percent_covered_display": "100", "missing_lines": 0, "excluded_lines": 5}, "missing_lines": [], "excluded_lines": [10, 11, 12, 13, 14]}}, "classes": {"BankExtractCommandHandler": {"executed_lines": [], "summary": {"covered_lines": 0, "num_statements": 47, "percent_covered": 0.0, "percent_covered_display": "0", "missing_lines": 47, "excluded_lines": 0}, "missing_lines": [37, 38, 39, 40, 51, 52, 54, 55, 56, 58, 65, 67, 68, 69, 72, 74, 75, 78, 83, 85, 86, 87, 90, 94, 95, 97, 98, 99, 102, 103, 104, 105, 108, 109, 115, 131, 132, 133, 139, 153, 154, 167, 171, 179, 188, 189, 190], "excluded_lines": []}, "": {"executed_lines": [1, 3, 4, 6, 7, 8, 10, 16, 19, 20, 22, 42], "summary": {"covered_lines": 9, "num_statements": 9, "percent_covered": 100.0, "percent_covered_display": "100", "missing_lines": 0, "excluded_lines": 5}, "missing_lines": [], "excluded_lines": [10, 11, 12, 13, 14]}}}, "src/command_handlers/cast_spell_handler.py": {"executed_lines": [1, 3, 4, 6, 7, 8, 10, 17, 20, 21, 24, 25, 27, 50], "summary": {"covered_lines": 11, "num_statements": 76, "percent_covered": 14.473684210526315, "percent_covered_display": "14", "missing_lines": 65, "excluded_lines": 6}, "missing_lines": [44, 45, 46, 47, 48, 59, 60, 62, 63, 64, 65, 67, 76, 77, 78, 81, 82, 88, 89, 90, 92, 94, 95, 96, 97, 99, 107, 114, 115, 116, 117, 118, 121, 122, 123, 124, 126, 127, 130, 131, 132, 133, 136, 137, 138, 139, 140, 141, 142, 143, 145, 149, 159, 161, 162, 165, 170, 175, 179, 180, 181, 183, 192, 193, 194], "excluded_lines": [10, 11, 12, 13, 14, 15], "functions": {"CastSpellCommandHandler.__init__": {"executed_lines": [], "summary": {"covered_lines": 0, "num_statements": 5, "percent_covered": 0.0, "percent_covered_display": "0", "missing_lines": 5, "excluded_lines": 0}, "missing_lines": [44, 45, 46, 47, 48], "excluded_lines": []}, "CastSpellCommandHandler.handle": {"executed_lines": [], "summary": {"covered_lines": 0, "num_statements": 60, "percent_covered": 0.0, "percent_covered_display": "0", "missing_lines": 60, "excluded_lines": 0}, "missing_lines": [59, 60, 62, 63, 64, 65, 67, 76, 77, 78, 81, 82, 88, 89, 90, 92, 94, 95, 96, 97, 99, 107, 114, 115, 116, 117, 118, 121, 122, 123, 124, 126, 127, 130, 131, 132, 133, 136, 137, 138, 139, 140, 141, 142, 143, 145, 149, 159, 161, 162, 165, 170, 175, 179, 180, 181, 183, 192, 193, 194], "excluded_lines": []}, "": {"executed_lines": [1, 3, 4, 6, 7, 8, 10, 17, 20, 21, 24, 25, 27, 50], "summary": {"covered_lines": 11, "num_statements": 11, "percent_covered": 100.0, "percent_covered_display": "100", "missing_lines": 0, "excluded_lines": 6}, "missing_lines": [], "excluded_lines": [10, 11, 12, 13, 14, 15]}}, "classes": {"CastSpellCommandHandler": {"executed_lines": [], "summary": {"covered_lines": 0, "num_statements": 65, "percent_covered": 0.0, "percent_covered_display": "0", "missing_lines": 65, "excluded_lines": 0}, "missing_lines": [44, 45, 46, 47, 48, 59, 60, 62, 63, 64, 65, 67, 76, 77, 78, 81, 82, 88, 89, 90, 92, 94, 95, 96, 97, 99, 107, 114, 115, 116, 117, 118, 121, 122, 123, 124, 126, 127, 130, 131, 132, 133, 136, 137, 138, 139, 140, 141, 142, 143, 145, 149, 159, 161, 162, 165, 170, 175, 179, 180, 181, 183, 192, 193, 194], "excluded_lines": []}, "": {"executed_lines": [1, 3, 4, 6, 7, 8, 10, 17, 20, 21, 24, 25, 27, 50], "summary": {"covered_lines": 11, "num_statements": 11, "percent_covered": 100.0, "percent_covered_display": "100", "missing_lines": 0, "excluded_lines": 6}, "missing_lines": [], "excluded_lines": [10, 11, 12, 13, 14, 15]}}}, "src/command_handlers/change_heading_handler.py": {"executed_lines": [1, 3, 4, 6, 7, 9, 15, 18, 21, 22, 24, 47], "summary": {"covered_lines": 9, "num_statements": 45, "percent_covered": 20.0, "percent_covered_display": "20", "missing_lines": 36, "excluded_lines": 5}, "missing_lines": [41, 42, 43, 44, 45, 56, 57, 59, 60, 62, 65, 68, 69, 72, 73, 74, 75, 76, 77, 78, 79, 80, 81, 82, 84, 85, 88, 96, 98, 99, 100, 103, 106, 107, 114, 121], "excluded_lines": [9, 10, 11, 12, 13], "functions": {"ChangeHeadingCommandHandler.__init__": {"executed_lines": [], "summary": {"covered_lines": 0, "num_statements": 5, "percent_covered": 0.0, "percent_covered_display": "0", "missing_lines": 5, "excluded_lines": 0}, "missing_lines": [41, 42, 43, 44, 45], "excluded_lines": []}, "ChangeHeadingCommandHandler.handle": {"executed_lines": [], "summary": {"covered_lines": 0, "num_statements": 31, "percent_covered": 0.0, "percent_covered_display": "0", "missing_lines": 31, "excluded_lines": 0}, "missing_lines": [56, 57, 59, 60, 62, 65, 68, 69, 72, 73, 74, 75, 76, 77, 78, 79, 80, 81, 82, 84, 85, 88, 96, 98, 99, 100, 103, 106, 107, 114, 121], "excluded_lines": []}, "": {"executed_lines": [1, 3, 4, 6, 7, 9, 15, 18, 21, 22, 24, 47], "summary": {"covered_lines": 9, "num_statements": 9, "percent_covered": 100.0, "percent_covered_display": "100", "missing_lines": 0, "excluded_lines": 5}, "missing_lines": [], "excluded_lines": [9, 10, 11, 12, 13]}}, "classes": {"ChangeHeadingCommandHandler": {"executed_lines": [], "summary": {"covered_lines": 0, "num_statements": 36, "percent_covered": 0.0, "percent_covered_display": "0", "missing_lines": 36, "excluded_lines": 0}, "missing_lines": [41, 42, 43, 44, 45, 56, 57, 59, 60, 62, 65, 68, 69, 72, 73, 74, 75, 76, 77, 78, 79, 80, 81, 82, 84, 85, 88, 96, 98, 99, 100, 103, 106, 107, 114, 121], "excluded_lines": []}, "": {"executed_lines": [1, 3, 4, 6, 7, 9, 15, 18, 21, 22, 24, 47], "summary": {"covered_lines": 9, "num_statements": 9, "percent_covered": 100.0, "percent_covered_display": "100", "missing_lines": 0, "excluded_lines": 5}, "missing_lines": [], "excluded_lines": [9, 10, 11, 12, 13]}}}, "src/command_handlers/commerce_buy_handler.py": {"executed_lines": [1, 3, 4, 6, 7, 8, 9, 10, 12, 19, 22, 23, 25, 48, 93, 106, 115], "summary": {"covered_lines": 14, "num_statements": 49, "percent_covered": 28.571428571428573, "percent_covered_display": "29", "missing_lines": 35, "excluded_lines": 6}, "missing_lines": [42, 43, 44, 45, 46, 57, 58, 60, 61, 62, 64, 69, 70, 71, 72, 75, 78, 80, 82, 85, 87, 91, 102, 103, 104, 112, 113, 122, 123, 125, 126, 127, 129, 130, 146], "excluded_lines": [12, 13, 14, 15, 16, 17], "functions": {"CommerceBuyCommandHandler.__init__": {"executed_lines": [], "summary": {"covered_lines": 0, "num_statements": 5, "percent_covered": 0.0, "percent_covered_display": "0", "missing_lines": 5, "excluded_lines": 0}, "missing_lines": [42, 43, 44, 45, 46], "excluded_lines": []}, "CommerceBuyCommandHandler.handle": {"executed_lines": [], "summary": {"covered_lines": 0, "num_statements": 17, "percent_covered": 0.0, "percent_covered_display": "0", "missing_lines": 17, "excluded_lines": 0}, "missing_lines": [57, 58, 60, 61, 62, 64, 69, 70, 71, 72, 75, 78, 80, 82, 85, 87, 91], "excluded_lines": []}, "CommerceBuyCommandHandler._get_active_merchant": {"executed_lines": [], "summary": {"covered_lines": 0, "num_statements": 3, "percent_covered": 0.0, "percent_covered_display": "0", "missing_lines": 3, "excluded_lines": 0}, "missing_lines": [102, 103, 104], "excluded_lines": []}, "CommerceBuyCommandHandler._update_player_gold": {"executed_lines": [], "summary": {"covered_lines": 0, "num_statements": 2, "percent_covered": 0.0, "percent_covered_display": "0", "missing_lines": 2, "excluded_lines": 0}, "missing_lines": [112, 113], "excluded_lines": []}, "CommerceBuyCommandHandler._update_player_inventory": {"executed_lines": [], "summary": {"covered_lines": 0, "num_statements": 8, "percent_covered": 0.0, "percent_covered_display": "0", "missing_lines": 8, "excluded_lines": 0}, "missing_lines": [122, 123, 125, 126, 127, 129, 130, 146], "excluded_lines": []}, "": {"executed_lines": [1, 3, 4, 6, 7, 8, 9, 10, 12, 19, 22, 23, 25, 48, 93, 106, 115], "summary": {"covered_lines": 14, "num_statements": 14, "percent_covered": 100.0, "percent_covered_display": "100", "missing_lines": 0, "excluded_lines": 6}, "missing_lines": [], "excluded_lines": [12, 13, 14, 15, 16, 17]}}, "classes": {"CommerceBuyCommandHandler": {"executed_lines": [], "summary": {"covered_lines": 0, "num_statements": 35, "percent_covered": 0.0, "percent_covered_display": "0", "missing_lines": 35, "excluded_lines": 0}, "missing_lines": [42, 43, 44, 45, 46, 57, 58, 60, 61, 62, 64, 69, 70, 71, 72, 75, 78, 80, 82, 85, 87, 91, 102, 103, 104, 112, 113, 122, 123, 125, 126, 127, 129, 130, 146], "excluded_lines": []}, "": {"executed_lines": [1, 3, 4, 6, 7, 8, 9, 10, 12, 19, 22, 23, 25, 48, 93, 106, 115], "summary": {"covered_lines": 14, "num_statements": 14, "percent_covered": 100.0, "percent_covered_display": "100", "missing_lines": 0, "excluded_lines": 6}, "missing_lines": [], "excluded_lines": [12, 13, 14, 15, 16, 17]}}}, "src/command_handlers/commerce_end_handler.py": {"executed_lines": [1, 3, 4, 6, 7, 9, 12, 15, 16, 18, 29], "summary": {"covered_lines": 8, "num_statements": 19, "percent_covered": 42.10526315789474, "percent_covered_display": "42", "missing_lines": 11, "excluded_lines": 2}, "missing_lines": [27, 38, 39, 41, 46, 48, 49, 51, 53, 54, 55], "excluded_lines": [9, 10], "functions": {"CommerceEndCommandHandler.__init__": {"executed_lines": [], "summary": {"covered_lines": 0, "num_statements": 1, "percent_covered": 0.0, "percent_covered_display": "0", "missing_lines": 1, "excluded_lines": 0}, "missing_lines": [27], "excluded_lines": []}, "CommerceEndCommandHandler.handle": {"executed_lines": [], "summary": {"covered_lines": 0, "num_statements": 10, "percent_covered": 0.0, "percent_covered_display": "0", "missing_lines": 10, "excluded_lines": 0}, "missing_lines": [38, 39, 41, 46, 48, 49, 51, 53, 54, 55], "excluded_lines": []}, "": {"executed_lines": [1, 3, 4, 6, 7, 9, 12, 15, 16, 18, 29], "summary": {"covered_lines": 8, "num_statements": 8, "percent_covered": 100.0, "percent_covered_display": "100", "missing_lines": 0, "excluded_lines": 2}, "missing_lines": [], "excluded_lines": [9, 10]}}, "classes": {"CommerceEndCommandHandler": {"executed_lines": [], "summary": {"covered_lines": 0, "num_statements": 11, "percent_covered": 0.0, "percent_covered_display": "0", "missing_lines": 11, "excluded_lines": 0}, "missing_lines": [27, 38, 39, 41, 46, 48, 49, 51, 53, 54, 55], "excluded_lines": []}, "": {"executed_lines": [1, 3, 4, 6, 7, 9, 12, 15, 16, 18, 29], "summary": {"covered_lines": 8, "num_statements": 8, "percent_covered": 100.0, "percent_covered_display": "100", "missing_lines": 0, "excluded_lines": 2}, "missing_lines": [], "excluded_lines": [9, 10]}}}, "src/command_handlers/commerce_sell_handler.py": {"executed_lines": [1, 3, 4, 6, 7, 8, 9, 10, 12, 19, 22, 23, 25, 48, 93, 106, 115], "summary": {"covered_lines": 14, "num_statements": 49, "percent_covered": 28.571428571428573, "percent_covered_display": "29", "missing_lines": 35, "excluded_lines": 6}, "missing_lines": [42, 43, 44, 45, 46, 57, 58, 60, 61, 62, 64, 69, 70, 71, 72, 75, 78, 80, 82, 85, 87, 91, 102, 103, 104, 112, 113, 122, 123, 125, 126, 127, 129, 130, 146], "excluded_lines": [12, 13, 14, 15, 16, 17], "functions": {"CommerceSellCommandHandler.__init__": {"executed_lines": [], "summary": {"covered_lines": 0, "num_statements": 5, "percent_covered": 0.0, "percent_covered_display": "0", "missing_lines": 5, "excluded_lines": 0}, "missing_lines": [42, 43, 44, 45, 46], "excluded_lines": []}, "CommerceSellCommandHandler.handle": {"executed_lines": [], "summary": {"covered_lines": 0, "num_statements": 17, "percent_covered": 0.0, "percent_covered_display": "0", "missing_lines": 17, "excluded_lines": 0}, "missing_lines": [57, 58, 60, 61, 62, 64, 69, 70, 71, 72, 75, 78, 80, 82, 85, 87, 91], "excluded_lines": []}, "CommerceSellCommandHandler._get_active_merchant": {"executed_lines": [], "summary": {"covered_lines": 0, "num_statements": 3, "percent_covered": 0.0, "percent_covered_display": "0", "missing_lines": 3, "excluded_lines": 0}, "missing_lines": [102, 103, 104], "excluded_lines": []}, "CommerceSellCommandHandler._update_player_gold": {"executed_lines": [], "summary": {"covered_lines": 0, "num_statements": 2, "percent_covered": 0.0, "percent_covered_display": "0", "missing_lines": 2, "excluded_lines": 0}, "missing_lines": [112, 113], "excluded_lines": []}, "CommerceSellCommandHandler._update_player_inventory": {"executed_lines": [], "summary": {"covered_lines": 0, "num_statements": 8, "percent_covered": 0.0, "percent_covered_display": "0", "missing_lines": 8, "excluded_lines": 0}, "missing_lines": [122, 123, 125, 126, 127, 129, 130, 146], "excluded_lines": []}, "": {"executed_lines": [1, 3, 4, 6, 7, 8, 9, 10, 12, 19, 22, 23, 25, 48, 93, 106, 115], "summary": {"covered_lines": 14, "num_statements": 14, "percent_covered": 100.0, "percent_covered_display": "100", "missing_lines": 0, "excluded_lines": 6}, "missing_lines": [], "excluded_lines": [12, 13, 14, 15, 16, 17]}}, "classes": {"CommerceSellCommandHandler": {"executed_lines": [], "summary": {"covered_lines": 0, "num_statements": 35, "percent_covered": 0.0, "percent_covered_display": "0", "missing_lines": 35, "excluded_lines": 0}, "missing_lines": [42, 43, 44, 45, 46, 57, 58, 60, 61, 62, 64, 69, 70, 71, 72, 75, 78, 80, 82, 85, 87, 91, 102, 103, 104, 112, 113, 122, 123, 125, 126, 127, 129, 130, 146], "excluded_lines": []}, "": {"executed_lines": [1, 3, 4, 6, 7, 8, 9, 10, 12, 19, 22, 23, 25, 48, 93, 106, 115], "summary": {"covered_lines": 14, "num_statements": 14, "percent_covered": 100.0, "percent_covered_display": "100", "missing_lines": 0, "excluded_lines": 6}, "missing_lines": [], "excluded_lines": [12, 13, 14, 15, 16, 17]}}}, "src/command_handlers/create_account_handler.py": {"executed_lines": [1, 3, 4, 6, 7, 8, 9, 10, 16, 17, 18, 19, 20, 22, 34, 37, 38, 39, 40, 43, 47, 51, 55, 61, 62, 64, 93, 94, 95, 96, 97, 98, 99, 100, 101, 102, 103, 105, 114, 117, 118, 119, 120, 122, 127, 128, 129, 130, 132, 135, 143, 147, 150, 153, 154, 161, 168, 181, 183, 195, 208, 214, 216, 225, 229, 230, 231, 233, 244, 250, 251, 252, 253, 254, 256, 257, 267, 268, 278, 279, 280, 285, 287, 299, 306, 313, 317, 319, 325, 330, 331, 333, 357, 358, 424, 426, 427, 428, 429, 430, 431, 433, 435, 436, 437, 438, 442, 454, 455, 456, 457, 458, 460, 461, 462, 464], "summary": {"covered_lines": 113, "num_statements": 158, "percent_covered": 71.51898734177215, "percent_covered_display": "72", "missing_lines": 45, "excluded_lines": 11}, "missing_lines": [115, 144, 227, 228, 245, 246, 247, 258, 263, 264, 269, 274, 275, 281, 282, 283, 300, 301, 304, 307, 308, 311, 314, 315, 326, 327, 328, 361, 370, 371, 374, 379, 380, 387, 388, 389, 390, 391, 403, 404, 412, 413, 414, 415, 422], "excluded_lines": [22, 23, 24, 25, 26, 27, 28, 29, 30, 31, 32], "functions": {"CreateAccountCommandHandler.__init__": {"executed_lines": [93, 94, 95, 96, 97, 98, 99, 100, 101, 102, 103], "summary": {"covered_lines": 11, "num_statements": 11, "percent_covered": 100.0, "percent_covered_display": "100", "missing_lines": 0, "excluded_lines": 0}, "missing_lines": [], "excluded_lines": []}, "CreateAccountCommandHandler.handle": {"executed_lines": [114, 117, 118, 119, 120, 122, 127, 128, 129, 130, 132, 135, 143, 147, 150, 153, 154, 161, 168, 181, 183, 195, 208, 214, 216, 225, 229, 230, 231], "summary": {"covered_lines": 29, "num_statements": 33, "percent_covered": 87.87878787878788, "percent_covered_display": "88", "missing_lines": 4, "excluded_lines": 0}, "missing_lines": [115, 144, 227, 228], "excluded_lines": []}, "CreateAccountCommandHandler._validate_character_selection": {"executed_lines": [244, 250, 251, 252, 253, 254, 256, 257, 267, 268, 278, 279, 280, 285], "summary": {"covered_lines": 14, "num_statements": 26, "percent_covered": 53.84615384615385, "percent_covered_display": "54", "missing_lines": 12, "excluded_lines": 0}, "missing_lines": [245, 246, 247, 258, 263, 264, 269, 274, 275, 281, 282, 283], "excluded_lines": []}, "CreateAccountCommandHandler._validate_account_fields": {"executed_lines": [299, 306, 313, 317], "summary": {"covered_lines": 4, "num_statements": 12, "percent_covered": 33.333333333333336, "percent_covered_display": "33", "missing_lines": 8, "excluded_lines": 0}, "missing_lines": [300, 301, 304, 307, 308, 311, 314, 315], "excluded_lines": []}, "CreateAccountCommandHandler._get_dice_attributes_from_session": {"executed_lines": [325, 330, 331], "summary": {"covered_lines": 3, "num_statements": 6, "percent_covered": 50.0, "percent_covered_display": "50", "missing_lines": 3, "excluded_lines": 0}, "missing_lines": [326, 327, 328], "excluded_lines": []}, "CreateAccountCommandHandler._create_attributes_and_stats": {"executed_lines": [357, 358], "summary": {"covered_lines": 2, "num_statements": 20, "percent_covered": 10.0, "percent_covered_display": "10", "missing_lines": 18, "excluded_lines": 0}, "missing_lines": [361, 370, 371, 374, 379, 380, 387, 388, 389, 390, 391, 403, 404, 412, 413, 414, 415, 422], "excluded_lines": []}, "CreateAccountCommandHandler._create_initial_inventory": {"executed_lines": [426, 427, 428, 429, 430, 431, 433, 435, 436, 437, 438], "summary": {"covered_lines": 11, "num_statements": 11, "percent_covered": 100.0, "percent_covered_display": "100", "missing_lines": 0, "excluded_lines": 0}, "missing_lines": [], "excluded_lines": []}, "CreateAccountCommandHandler._log_character_summary": {"executed_lines": [454, 455, 456, 457, 458, 460, 461, 462, 464], "summary": {"covered_lines": 9, "num_statements": 9, "percent_covered": 100.0, "percent_covered_display": "100", "missing_lines": 0, "excluded_lines": 0}, "missing_lines": [], "excluded_lines": []}, "": {"executed_lines": [1, 3, 4, 6, 7, 8, 9, 10, 16, 17, 18, 19, 20, 22, 34, 37, 38, 39, 40, 43, 47, 51, 55, 61, 62, 64, 105, 233, 287, 319, 333, 424, 442], "summary": {"covered_lines": 30, "num_statements": 30, "percent_covered": 100.0, "percent_covered_display": "100", "missing_lines": 0, "excluded_lines": 11}, "missing_lines": [], "excluded_lines": [22, 23, 24, 25, 26, 27, 28, 29, 30, 31, 32]}}, "classes": {"CreateAccountCommandHandler": {"executed_lines": [93, 94, 95, 96, 97, 98, 99, 100, 101, 102, 103, 114, 117, 118, 119, 120, 122, 127, 128, 129, 130, 132, 135, 143, 147, 150, 153, 154, 161, 168, 181, 183, 195, 208, 214, 216, 225, 229, 230, 231, 244, 250, 251, 252, 253, 254, 256, 257, 267, 268, 278, 279, 280, 285, 299, 306, 313, 317, 325, 330, 331, 357, 358, 426, 427, 428, 429, 430, 431, 433, 435, 436, 437, 438, 454, 455, 456, 457, 458, 460, 461, 462, 464], "summary": {"covered_lines": 83, "num_statements": 128, "percent_covered": 64.84375, "percent_covered_display": "65", "missing_lines": 45, "excluded_lines": 0}, "missing_lines": [115, 144, 227, 228, 245, 246, 247, 258, 263, 264, 269, 274, 275, 281, 282, 283, 300, 301, 304, 307, 308, 311, 314, 315, 326, 327, 328, 361, 370, 371, 374, 379, 380, 387, 388, 389, 390, 391, 403, 404, 412, 413, 414, 415, 422], "excluded_lines": []}, "": {"executed_lines": [1, 3, 4, 6, 7, 8, 9, 10, 16, 17, 18, 19, 20, 22, 34, 37, 38, 39, 40, 43, 47, 51, 55, 61, 62, 64, 105, 233, 287, 319, 333, 424, 442], "summary": {"covered_lines": 30, "num_statements": 30, "percent_covered": 100.0, "percent_covered_display": "100", "missing_lines": 0, "excluded_lines": 11}, "missing_lines": [], "excluded_lines": [22, 23, 24, 25, 26, 27, 28, 29, 30, 31, 32]}}}, "src/command_handlers/dice_handler.py": {"executed_lines": [1, 3, 4, 5, 7, 8, 10, 13, 16, 17, 19, 30], "summary": {"covered_lines": 9, "num_statements": 28, "percent_covered": 32.142857142857146, "percent_covered_display": "32", "missing_lines": 19, "excluded_lines": 2}, "missing_lines": [28, 39, 40, 42, 43, 45, 52, 54, 55, 56, 57, 58, 60, 70, 78, 86, 88, 89, 90], "excluded_lines": [10, 11], "functions": {"DiceCommandHandler.__init__": {"executed_lines": [], "summary": {"covered_lines": 0, "num_statements": 1, "percent_covered": 0.0, "percent_covered_display": "0", "missing_lines": 1, "excluded_lines": 0}, "missing_lines": [28], "excluded_lines": []}, "DiceCommandHandler.handle": {"executed_lines": [], "summary": {"covered_lines": 0, "num_statements": 18, "percent_covered": 0.0, "percent_covered_display": "0", "missing_lines": 18, "excluded_lines": 0}, "missing_lines": [39, 40, 42, 43, 45, 52, 54, 55, 56, 57, 58, 60, 70, 78, 86, 88, 89, 90], "excluded_lines": []}, "": {"executed_lines": [1, 3, 4, 5, 7, 8, 10, 13, 16, 17, 19, 30], "summary": {"covered_lines": 9, "num_statements": 9, "percent_covered": 100.0, "percent_covered_display": "100", "missing_lines": 0, "excluded_lines": 2}, "missing_lines": [], "excluded_lines": [10, 11]}}, "classes": {"DiceCommandHandler": {"executed_lines": [], "summary": {"covered_lines": 0, "num_statements": 19, "percent_covered": 0.0, "percent_covered_display": "0", "missing_lines": 19, "excluded_lines": 0}, "missing_lines": [28, 39, 40, 42, 43, 45, 52, 54, 55, 56, 57, 58, 60, 70, 78, 86, 88, 89, 90], "excluded_lines": []}, "": {"executed_lines": [1, 3, 4, 5, 7, 8, 10, 13, 16, 17, 19, 30], "summary": {"covered_lines": 9, "num_statements": 9, "percent_covered": 100.0, "percent_covered_display": "100", "missing_lines": 0, "excluded_lines": 2}, "missing_lines": [], "excluded_lines": [10, 11]}}}, "src/command_handlers/double_click_handler.py": {"executed_lines": [1, 3, 4, 6, 7, 8, 9, 11, 16, 19, 22, 23, 25, 42, 73, 123, 246], "summary": {"covered_lines": 14, "num_statements": 113, "percent_covered": 12.389380530973451, "percent_covered_display": "12", "missing_lines": 99, "excluded_lines": 4}, "missing_lines": [38, 39, 40, 51, 52, 54, 55, 57, 63, 65, 66, 67, 69, 70, 71, 83, 86, 87, 88, 89, 91, 92, 94, 95, 96, 98, 101, 102, 103, 104, 105, 108, 109, 110, 113, 114, 115, 116, 119, 121, 142, 144, 145, 146, 147, 148, 149, 150, 151, 153, 154, 155, 156, 157, 158, 159, 160, 162, 163, 164, 165, 166, 170, 171, 173, 174, 178, 179, 181, 182, 190, 192, 193, 194, 197, 199, 200, 215, 216, 232, 233, 235, 237, 259, 260, 261, 263, 264, 265, 268, 269, 270, 275, 276, 279, 281, 286, 290, 297], "excluded_lines": [11, 12, 13, 14], "functions": {"DoubleClickCommandHandler.__init__": {"executed_lines": [], "summary": {"covered_lines": 0, "num_statements": 3, "percent_covered": 0.0, "percent_covered_display": "0", "missing_lines": 3, "excluded_lines": 0}, "missing_lines": [38, 39, 40], "excluded_lines": []}, "DoubleClickCommandHandler.handle": {"executed_lines": [], "summary": {"covered_lines": 0, "num_statements": 12, "percent_covered": 0.0, "percent_covered_display": "0", "missing_lines": 12, "excluded_lines": 0}, "missing_lines": [51, 52, 54, 55, 57, 63, 65, 66, 67, 69, 70, 71], "excluded_lines": []}, "DoubleClickCommandHandler._handle_item_use": {"executed_lines": [], "summary": {"covered_lines": 0, "num_statements": 25, "percent_covered": 0.0, "percent_covered_display": "0", "missing_lines": 25, "excluded_lines": 0}, "missing_lines": [83, 86, 87, 88, 89, 91, 92, 94, 95, 96, 98, 101, 102, 103, 104, 105, 108, 109, 110, 113, 114, 115, 116, 119, 121], "excluded_lines": []}, "DoubleClickCommandHandler._use_consumable": {"executed_lines": [], "summary": {"covered_lines": 0, "num_statements": 43, "percent_covered": 0.0, "percent_covered_display": "0", "missing_lines": 43, "excluded_lines": 0}, "missing_lines": [142, 144, 145, 146, 147, 148, 149, 150, 151, 153, 154, 155, 156, 157, 158, 159, 160, 162, 163, 164, 165, 166, 170, 171, 173, 174, 178, 179, 181, 182, 190, 192, 193, 194, 197, 199, 200, 215, 216, 232, 233, 235, 237], "excluded_lines": []}, "DoubleClickCommandHandler._handle_npc_double_click": {"executed_lines": [], "summary": {"covered_lines": 0, "num_statements": 16, "percent_covered": 0.0, "percent_covered_display": "0", "missing_lines": 16, "excluded_lines": 0}, "missing_lines": [259, 260, 261, 263, 264, 265, 268, 269, 270, 275, 276, 279, 281, 286, 290, 297], "excluded_lines": []}, "": {"executed_lines": [1, 3, 4, 6, 7, 8, 9, 11, 16, 19, 22, 23, 25, 42, 73, 123, 246], "summary": {"covered_lines": 14, "num_statements": 14, "percent_covered": 100.0, "percent_covered_display": "100", "missing_lines": 0, "excluded_lines": 4}, "missing_lines": [], "excluded_lines": [11, 12, 13, 14]}}, "classes": {"DoubleClickCommandHandler": {"executed_lines": [], "summary": {"covered_lines": 0, "num_statements": 99, "percent_covered": 0.0, "percent_covered_display": "0", "missing_lines": 99, "excluded_lines": 0}, "missing_lines": [38, 39, 40, 51, 52, 54, 55, 57, 63, 65, 66, 67, 69, 70, 71, 83, 86, 87, 88, 89, 91, 92, 94, 95, 96, 98, 101, 102, 103, 104, 105, 108, 109, 110, 113, 114, 115, 116, 119, 121, 142, 144, 145, 146, 147, 148, 149, 150, 151, 153, 154, 155, 156, 157, 158, 159, 160, 162, 163, 164, 165, 166, 170, 171, 173, 174, 178, 179, 181, 182, 190, 192, 193, 194, 197, 199, 200, 215, 216, 232, 233, 235, 237, 259, 260, 261, 263, 264, 265, 268, 269, 270, 275, 276, 279, 281, 286, 290, 297], "excluded_lines": []}, "": {"executed_lines": [1, 3, 4, 6, 7, 8, 9, 11, 16, 19, 22, 23, 25, 42, 73, 123, 246], "summary": {"covered_lines": 14, "num_statements": 14, "percent_covered": 100.0, "percent_covered_display": "100", "missing_lines": 0, "excluded_lines": 4}, "missing_lines": [], "excluded_lines": [11, 12, 13, 14]}}}, "src/command_handlers/drop_handler.py": {"executed_lines": [1, 3, 4, 6, 7, 10, 11, 13, 20, 23, 24, 26, 49, 74], "summary": {"covered_lines": 11, "num_statements": 52, "percent_covered": 21.153846153846153, "percent_covered_display": "21", "missing_lines": 41, "excluded_lines": 6}, "missing_lines": [43, 44, 45, 46, 47, 58, 59, 61, 62, 63, 65, 72, 85, 86, 87, 89, 92, 93, 94, 97, 99, 100, 101, 104, 105, 106, 108, 109, 110, 113, 114, 117, 118, 119, 138, 147, 150, 151, 156, 159, 161], "excluded_lines": [13, 14, 15, 16, 17, 18], "functions": {"DropCommandHandler.__init__": {"executed_lines": [], "summary": {"covered_lines": 0, "num_statements": 5, "percent_covered": 0.0, "percent_covered_display": "0", "missing_lines": 5, "excluded_lines": 0}, "missing_lines": [43, 44, 45, 46, 47], "excluded_lines": []}, "DropCommandHandler.handle": {"executed_lines": [], "summary": {"covered_lines": 0, "num_statements": 7, "percent_covered": 0.0, "percent_covered_display": "0", "missing_lines": 7, "excluded_lines": 0}, "missing_lines": [58, 59, 61, 62, 63, 65, 72], "excluded_lines": []}, "DropCommandHandler._drop_gold": {"executed_lines": [], "summary": {"covered_lines": 0, "num_statements": 29, "percent_covered": 0.0, "percent_covered_display": "0", "missing_lines": 29, "excluded_lines": 0}, "missing_lines": [85, 86, 87, 89, 92, 93, 94, 97, 99, 100, 101, 104, 105, 106, 108, 109, 110, 113, 114, 117, 118, 119, 138, 147, 150, 151, 156, 159, 161], "excluded_lines": []}, "": {"executed_lines": [1, 3, 4, 6, 7, 10, 11, 13, 20, 23, 24, 26, 49, 74], "summary": {"covered_lines": 11, "num_statements": 11, "percent_covered": 100.0, "percent_covered_display": "100", "missing_lines": 0, "excluded_lines": 6}, "missing_lines": [], "excluded_lines": [13, 14, 15, 16, 17, 18]}}, "classes": {"DropCommandHandler": {"executed_lines": [], "summary": {"covered_lines": 0, "num_statements": 41, "percent_covered": 0.0, "percent_covered_display": "0", "missing_lines": 41, "excluded_lines": 0}, "missing_lines": [43, 44, 45, 46, 47, 58, 59, 61, 62, 63, 65, 72, 85, 86, 87, 89, 92, 93, 94, 97, 99, 100, 101, 104, 105, 106, 108, 109, 110, 113, 114, 117, 118, 119, 138, 147, 150, 151, 156, 159, 161], "excluded_lines": []}, "": {"executed_lines": [1, 3, 4, 6, 7, 10, 11, 13, 20, 23, 24, 26, 49, 74], "summary": {"covered_lines": 11, "num_statements": 11, "percent_covered": 100.0, "percent_covered_display": "100", "missing_lines": 0, "excluded_lines": 6}, "missing_lines": [], "excluded_lines": [13, 14, 15, 16, 17, 18]}}}, "src/command_handlers/equip_item_handler.py": {"executed_lines": [1, 3, 4, 6, 7, 8, 9, 10, 12, 17, 20, 21, 23, 40], "summary": {"covered_lines": 11, "num_statements": 31, "percent_covered": 35.483870967741936, "percent_covered_display": "35", "missing_lines": 20, "excluded_lines": 4}, "missing_lines": [36, 37, 38, 49, 50, 52, 53, 55, 61, 63, 64, 67, 69, 70, 73, 74, 76, 78, 79, 80], "excluded_lines": [12, 13, 14, 15], "functions": {"EquipItemCommandHandler.__init__": {"executed_lines": [], "summary": {"covered_lines": 0, "num_statements": 3, "percent_covered": 0.0, "percent_covered_display": "0", "missing_lines": 3, "excluded_lines": 0}, "missing_lines": [36, 37, 38], "excluded_lines": []}, "EquipItemCommandHandler.handle": {"executed_lines": [], "summary": {"covered_lines": 0, "num_statements": 17, "percent_covered": 0.0, "percent_covered_display": "0", "missing_lines": 17, "excluded_lines": 0}, "missing_lines": [49, 50, 52, 53, 55, 61, 63, 64, 67, 69, 70, 73, 74, 76, 78, 79, 80], "excluded_lines": []}, "": {"executed_lines": [1, 3, 4, 6, 7, 8, 9, 10, 12, 17, 20, 21, 23, 40], "summary": {"covered_lines": 11, "num_statements": 11, "percent_covered": 100.0, "percent_covered_display": "100", "missing_lines": 0, "excluded_lines": 4}, "missing_lines": [], "excluded_lines": [12, 13, 14, 15]}}, "classes": {"EquipItemCommandHandler": {"executed_lines": [], "summary": {"covered_lines": 0, "num_statements": 20, "percent_covered": 0.0, "percent_covered_display": "0", "missing_lines": 20, "excluded_lines": 0}, "missing_lines": [36, 37, 38, 49, 50, 52, 53, 55, 61, 63, 64, 67, 69, 70, 73, 74, 76, 78, 79, 80], "excluded_lines": []}, "": {"executed_lines": [1, 3, 4, 6, 7, 8, 9, 10, 12, 17, 20, 21, 23, 40], "summary": {"covered_lines": 11, "num_statements": 11, "percent_covered": 100.0, "percent_covered_display": "100", "missing_lines": 0, "excluded_lines": 4}, "missing_lines": [], "excluded_lines": [12, 13, 14, 15]}}}, "src/command_handlers/gm_command_handler.py": {"executed_lines": [1, 3, 4, 6, 7, 9, 14, 17, 18, 20, 37, 76], "summary": {"covered_lines": 9, "num_statements": 39, "percent_covered": 23.076923076923077, "percent_covered_display": "23", "missing_lines": 30, "excluded_lines": 4}, "missing_lines": [33, 34, 35, 46, 47, 49, 50, 51, 52, 53, 54, 56, 67, 68, 70, 73, 74, 91, 92, 93, 94, 96, 97, 98, 99, 102, 103, 115, 127, 138], "excluded_lines": [9, 10, 11, 12], "functions": {"GMCommandHandler.__init__": {"executed_lines": [], "summary": {"covered_lines": 0, "num_statements": 3, "percent_covered": 0.0, "percent_covered_display": "0", "missing_lines": 3, "excluded_lines": 0}, "missing_lines": [33, 34, 35], "excluded_lines": []}, "GMCommandHandler.handle": {"executed_lines": [], "summary": {"covered_lines": 0, "num_statements": 14, "percent_covered": 0.0, "percent_covered_display": "0", "missing_lines": 14, "excluded_lines": 0}, "missing_lines": [46, 47, 49, 50, 51, 52, 53, 54, 56, 67, 68, 70, 73, 74], "excluded_lines": []}, "GMCommandHandler._teleport_player": {"executed_lines": [], "summary": {"covered_lines": 0, "num_statements": 13, "percent_covered": 0.0, "percent_covered_display": "0", "missing_lines": 13, "excluded_lines": 0}, "missing_lines": [91, 92, 93, 94, 96, 97, 98, 99, 102, 103, 115, 127, 138], "excluded_lines": []}, "": {"executed_lines": [1, 3, 4, 6, 7, 9, 14, 17, 18, 20, 37, 76], "summary": {"covered_lines": 9, "num_statements": 9, "percent_covered": 100.0, "percent_covered_display": "100", "missing_lines": 0, "excluded_lines": 4}, "missing_lines": [], "excluded_lines": [9, 10, 11, 12]}}, "classes": {"GMCommandHandler": {"executed_lines": [], "summary": {"covered_lines": 0, "num_statements": 30, "percent_covered": 0.0, "percent_covered_display": "0", "missing_lines": 30, "excluded_lines": 0}, "missing_lines": [33, 34, 35, 46, 47, 49, 50, 51, 52, 53, 54, 56, 67, 68, 70, 73, 74, 91, 92, 93, 94, 96, 97, 98, 99, 102, 103, 115, 127, 138], "excluded_lines": []}, "": {"executed_lines": [1, 3, 4, 6, 7, 9, 14, 17, 18, 20, 37, 76], "summary": {"covered_lines": 9, "num_statements": 9, "percent_covered": 100.0, "percent_covered_display": "100", "missing_lines": 0, "excluded_lines": 4}, "missing_lines": [], "excluded_lines": [9, 10, 11, 12]}}}, "src/command_handlers/information_handler.py": {"executed_lines": [1, 3, 4, 5, 7, 8, 10, 15, 18, 19, 21, 38], "summary": {"covered_lines": 9, "num_statements": 45, "percent_covered": 20.0, "percent_covered_display": "20", "missing_lines": 36, "excluded_lines": 4}, "missing_lines": [34, 35, 36, 47, 48, 50, 55, 57, 60, 63, 64, 65, 66, 68, 71, 72, 73, 74, 75, 78, 79, 80, 82, 83, 84, 85, 87, 89, 92, 95, 98, 99, 101, 103, 104, 105], "excluded_lines": [10, 11, 12, 13], "functions": {"InformationCommandHandler.__init__": {"executed_lines": [], "summary": {"covered_lines": 0, "num_statements": 3, "percent_covered": 0.0, "percent_covered_display": "0", "missing_lines": 3, "excluded_lines": 0}, "missing_lines": [34, 35, 36], "excluded_lines": []}, "InformationCommandHandler.handle": {"executed_lines": [], "summary": {"covered_lines": 0, "num_statements": 33, "percent_covered": 0.0, "percent_covered_display": "0", "missing_lines": 33, "excluded_lines": 0}, "missing_lines": [47, 48, 50, 55, 57, 60, 63, 64, 65, 66, 68, 71, 72, 73, 74, 75, 78, 79, 80, 82, 83, 84, 85, 87, 89, 92, 95, 98, 99, 101, 103, 104, 105], "excluded_lines": []}, "": {"executed_lines": [1, 3, 4, 5, 7, 8, 10, 15, 18, 19, 21, 38], "summary": {"covered_lines": 9, "num_statements": 9, "percent_covered": 100.0, "percent_covered_display": "100", "missing_lines": 0, "excluded_lines": 4}, "missing_lines": [], "excluded_lines": [10, 11, 12, 13]}}, "classes": {"InformationCommandHandler": {"executed_lines": [], "summary": {"covered_lines": 0, "num_statements": 36, "percent_covered": 0.0, "percent_covered_display": "0", "missing_lines": 36, "excluded_lines": 0}, "missing_lines": [34, 35, 36, 47, 48, 50, 55, 57, 60, 63, 64, 65, 66, 68, 71, 72, 73, 74, 75, 78, 79, 80, 82, 83, 84, 85, 87, 89, 92, 95, 98, 99, 101, 103, 104, 105], "excluded_lines": []}, "": {"executed_lines": [1, 3, 4, 5, 7, 8, 10, 15, 18, 19, 21, 38], "summary": {"covered_lines": 9, "num_statements": 9, "percent_covered": 100.0, "percent_covered_display": "100", "missing_lines": 0, "excluded_lines": 4}, "missing_lines": [], "excluded_lines": [10, 11, 12, 13]}}}, "src/command_handlers/inventory_click_handler.py": {"executed_lines": [1, 3, 4, 6, 7, 8, 9, 11, 16, 19, 26, 27, 29, 46], "summary": {"covered_lines": 11, "num_statements": 47, "percent_covered": 23.404255319148938, "percent_covered_display": "23", "missing_lines": 36, "excluded_lines": 4}, "missing_lines": [42, 43, 44, 55, 56, 58, 59, 61, 63, 65, 66, 68, 70, 84, 86, 89, 90, 91, 92, 93, 96, 97, 98, 99, 102, 117, 128, 130, 131, 132, 133, 135, 139, 148, 149, 150], "excluded_lines": [11, 12, 13, 14], "functions": {"InventoryClickCommandHandler.__init__": {"executed_lines": [], "summary": {"covered_lines": 0, "num_statements": 3, "percent_covered": 0.0, "percent_covered_display": "0", "missing_lines": 3, "excluded_lines": 0}, "missing_lines": [42, 43, 44], "excluded_lines": []}, "InventoryClickCommandHandler.handle": {"executed_lines": [], "summary": {"covered_lines": 0, "num_statements": 33, "percent_covered": 0.0, "percent_covered_display": "0", "missing_lines": 33, "excluded_lines": 0}, "missing_lines": [55, 56, 58, 59, 61, 63, 65, 66, 68, 70, 84, 86, 89, 90, 91, 92, 93, 96, 97, 98, 99, 102, 117, 128, 130, 131, 132, 133, 135, 139, 148, 149, 150], "excluded_lines": []}, "": {"executed_lines": [1, 3, 4, 6, 7, 8, 9, 11, 16, 19, 26, 27, 29, 46], "summary": {"covered_lines": 11, "num_statements": 11, "percent_covered": 100.0, "percent_covered_display": "100", "missing_lines": 0, "excluded_lines": 4}, "missing_lines": [], "excluded_lines": [11, 12, 13, 14]}}, "classes": {"InventoryClickCommandHandler": {"executed_lines": [], "summary": {"covered_lines": 0, "num_statements": 36, "percent_covered": 0.0, "percent_covered_display": "0", "missing_lines": 36, "excluded_lines": 0}, "missing_lines": [42, 43, 44, 55, 56, 58, 59, 61, 63, 65, 66, 68, 70, 84, 86, 89, 90, 91, 92, 93, 96, 97, 98, 99, 102, 117, 128, 130, 131, 132, 133, 135, 139, 148, 149, 150], "excluded_lines": []}, "": {"executed_lines": [1, 3, 4, 6, 7, 8, 9, 11, 16, 19, 26, 27, 29, 46], "summary": {"covered_lines": 11, "num_statements": 11, "percent_covered": 100.0, "percent_covered_display": "100", "missing_lines": 0, "excluded_lines": 4}, "missing_lines": [], "excluded_lines": [11, 12, 13, 14]}}}, "src/command_handlers/left_click_handler.py": {"executed_lines": [1, 3, 4, 5, 6, 7, 9, 10, 11, 12, 14, 26, 30, 33, 34, 35, 36, 39, 42, 48, 50, 51, 52, 76, 79, 80, 82, 117, 164, 207, 305, 369, 472, 499], "summary": {"covered_lines": 31, "num_statements": 241, "percent_covered": 12.863070539419088, "percent_covered_display": "13", "missing_lines": 210, "excluded_lines": 11}, "missing_lines": [54, 55, 56, 57, 58, 60, 61, 62, 63, 68, 69, 70, 71, 72, 107, 108, 109, 110, 111, 112, 113, 114, 115, 126, 127, 129, 130, 131, 132, 134, 142, 143, 144, 146, 148, 149, 150, 151, 152, 153, 155, 156, 158, 160, 161, 162, 175, 176, 179, 180, 183, 185, 186, 188, 189, 191, 193, 195, 196, 198, 205, 217, 218, 219, 220, 222, 227, 228, 231, 234, 236, 237, 238, 239, 242, 243, 244, 245, 246, 247, 249, 266, 267, 280, 294, 301, 315, 316, 317, 318, 320, 323, 326, 329, 330, 331, 332, 333, 335, 349, 350, 352, 360, 381, 382, 383, 386, 387, 389, 390, 395, 396, 399, 400, 401, 402, 410, 411, 425, 426, 428, 429, 432, 433, 434, 435, 437, 438, 441, 442, 443, 444, 445, 446, 447, 448, 453, 454, 456, 457, 458, 459, 462, 463, 466, 468, 483, 484, 487, 488, 489, 492, 493, 494, 495, 497, 510, 511, 514, 517, 518, 521, 523, 525, 526, 529, 532, 533, 534, 535, 537, 538, 539, 540, 542, 552, 553, 554, 557, 560, 563, 564, 565, 566, 570, 572, 574, 575, 577, 578, 579, 580, 581, 582, 584, 589, 590, 591, 592, 593, 594, 600, 601, 604, 605, 612, 616, 617, 619, 631], "excluded_lines": [14, 15, 16, 17, 18, 19, 20, 21, 22, 23, 24], "functions": {"_load_signs_catalog": {"executed_lines": [48, 50, 51, 52], "summary": {"covered_lines": 4, "num_statements": 18, "percent_covered": 22.22222222222222, "percent_covered_display": "22", "missing_lines": 14, "excluded_lines": 0}, "missing_lines": [54, 55, 56, 57, 58, 60, 61, 62, 63, 68, 69, 70, 71, 72], "excluded_lines": []}, "LeftClickCommandHandler.__init__": {"executed_lines": [], "summary": {"covered_lines": 0, "num_statements": 9, "percent_covered": 0.0, "percent_covered_display": "0", "missing_lines": 9, "excluded_lines": 0}, "missing_lines": [107, 108, 109, 110, 111, 112, 113, 114, 115], "excluded_lines": []}, "LeftClickCommandHandler.handle": {"executed_lines": [], "summary": {"covered_lines": 0, "num_statements": 23, "percent_covered": 0.0, "percent_covered_display": "0", "missing_lines": 23, "excluded_lines": 0}, "missing_lines": [126, 127, 129, 130, 131, 132, 134, 142, 143, 144, 146, 148, 149, 150, 151, 152, 153, 155, 156, 158, 160, 161, 162], "excluded_lines": []}, "LeftClickCommandHandler._handle_npc_click": {"executed_lines": [], "summary": {"covered_lines": 0, "num_statements": 15, "percent_covered": 0.0, "percent_covered_display": "0", "missing_lines": 15, "excluded_lines": 0}, "missing_lines": [175, 176, 179, 180, 183, 185, 186, 188, 189, 191, 193, 195, 196, 198, 205], "excluded_lines": []}, "LeftClickCommandHandler._open_merchant_window": {"executed_lines": [], "summary": {"covered_lines": 0, "num_statements": 25, "percent_covered": 0.0, "percent_covered_display": "0", "missing_lines": 25, "excluded_lines": 0}, "missing_lines": [217, 218, 219, 220, 222, 227, 228, 231, 234, 236, 237, 238, 239, 242, 243, 244, 245, 246, 247, 249, 266, 267, 280, 294, 301], "excluded_lines": []}, "LeftClickCommandHandler._open_bank_window": {"executed_lines": [], "summary": {"covered_lines": 0, "num_statements": 17, "percent_covered": 0.0, "percent_covered_display": "0", "missing_lines": 17, "excluded_lines": 0}, "missing_lines": [315, 316, 317, 318, 320, 323, 326, 329, 330, 331, 332, 333, 335, 349, 350, 352, 360], "excluded_lines": []}, "LeftClickCommandHandler._show_tile_info": {"executed_lines": [], "summary": {"covered_lines": 0, "num_statements": 43, "percent_covered": 0.0, "percent_covered_display": "0", "missing_lines": 43, "excluded_lines": 0}, "missing_lines": [381, 382, 383, 386, 387, 389, 390, 395, 396, 399, 400, 401, 402, 410, 411, 425, 426, 428, 429, 432, 433, 434, 435, 437, 438, 441, 442, 443, 444, 445, 446, 447, 448, 453, 454, 456, 457, 458, 459, 462, 463, 466, 468], "excluded_lines": []}, "LeftClickCommandHandler._get_sign_text": {"executed_lines": [], "summary": {"covered_lines": 0, "num_statements": 10, "percent_covered": 0.0, "percent_covered_display": "0", "missing_lines": 10, "excluded_lines": 0}, "missing_lines": [483, 484, 487, 488, 489, 492, 493, 494, 495, 497], "excluded_lines": []}, "LeftClickCommandHandler._handle_door_click": {"executed_lines": [], "summary": {"covered_lines": 0, "num_statements": 54, "percent_covered": 0.0, "percent_covered_display": "0", "missing_lines": 54, "excluded_lines": 0}, "missing_lines": [510, 511, 514, 517, 518, 521, 523, 525, 526, 529, 532, 533, 534, 535, 537, 538, 539, 540, 542, 552, 553, 554, 557, 560, 563, 564, 565, 566, 570, 572, 574, 575, 577, 578, 579, 580, 581, 582, 584, 589, 590, 591, 592, 593, 594, 600, 601, 604, 605, 612, 616, 617, 619, 631], "excluded_lines": []}, "": {"executed_lines": [1, 3, 4, 5, 6, 7, 9, 10, 11, 12, 14, 26, 30, 33, 34, 35, 36, 39, 42, 76, 79, 80, 82, 117, 164, 207, 305, 369, 472, 499], "summary": {"covered_lines": 27, "num_statements": 27, "percent_covered": 100.0, "percent_covered_display": "100", "missing_lines": 0, "excluded_lines": 11}, "missing_lines": [], "excluded_lines": [14, 15, 16, 17, 18, 19, 20, 21, 22, 23, 24]}}, "classes": {"LeftClickCommandHandler": {"executed_lines": [], "summary": {"covered_lines": 0, "num_statements": 196, "percent_covered": 0.0, "percent_covered_display": "0", "missing_lines": 196, "excluded_lines": 0}, "missing_lines": [107, 108, 109, 110, 111, 112, 113, 114, 115, 126, 127, 129, 130, 131, 132, 134, 142, 143, 144, 146, 148, 149, 150, 151, 152, 153, 155, 156, 158, 160, 161, 162, 175, 176, 179, 180, 183, 185, 186, 188, 189, 191, 193, 195, 196, 198, 205, 217, 218, 219, 220, 222, 227, 228, 231, 234, 236, 237, 238, 239, 242, 243, 244, 245, 246, 247, 249, 266, 267, 280, 294, 301, 315, 316, 317, 318, 320, 323, 326, 329, 330, 331, 332, 333, 335, 349, 350, 352, 360, 381, 382, 383, 386, 387, 389, 390, 395, 396, 399, 400, 401, 402, 410, 411, 425, 426, 428, 429, 432, 433, 434, 435, 437, 438, 441, 442, 443, 444, 445, 446, 447, 448, 453, 454, 456, 457, 458, 459, 462, 463, 466, 468, 483, 484, 487, 488, 489, 492, 493, 494, 495, 497, 510, 511, 514, 517, 518, 521, 523, 525, 526, 529, 532, 533, 534, 535, 537, 538, 539, 540, 542, 552, 553, 554, 557, 560, 563, 564, 565, 566, 570, 572, 574, 575, 577, 578, 579, 580, 581, 582, 584, 589, 590, 591, 592, 593, 594, 600, 601, 604, 605, 612, 616, 617, 619, 631], "excluded_lines": []}, "": {"executed_lines": [1, 3, 4, 5, 6, 7, 9, 10, 11, 12, 14, 26, 30, 33, 34, 35, 36, 39, 42, 48, 50, 51, 52, 76, 79, 80, 82, 117, 164, 207, 305, 369, 472, 499], "summary": {"covered_lines": 31, "num_statements": 45, "percent_covered": 68.88888888888889, "percent_covered_display": "69", "missing_lines": 14, "excluded_lines": 11}, "missing_lines": [54, 55, 56, 57, 58, 60, 61, 62, 63, 68, 69, 70, 71, 72], "excluded_lines": [14, 15, 16, 17, 18, 19, 20, 21, 22, 23, 24]}}}, "src/command_handlers/login_handler.py": {"executed_lines": [1, 3, 4, 5, 7, 8, 9, 10, 11, 12, 13, 15, 26, 29, 32, 33, 35, 62, 63, 64, 65, 66, 67, 68, 69, 70, 71, 72, 74, 83, 86, 87, 89, 92, 96, 97, 100, 101, 104, 107, 110, 113, 124, 127, 130, 133, 136, 139, 141, 150, 156, 162, 164, 174, 175, 177, 184, 186, 195, 196, 261, 283, 286, 289, 292, 295, 297, 298, 304, 306, 308, 315, 316, 319, 320, 321, 323, 329, 330, 361, 370, 373, 388, 389, 390, 391, 394, 396, 404, 408, 418, 420, 427, 428, 431, 432, 433, 436, 437, 442, 443], "summary": {"covered_lines": 98, "num_statements": 142, "percent_covered": 69.01408450704226, "percent_covered_display": "69", "missing_lines": 44, "excluded_lines": 10}, "missing_lines": [84, 93, 98, 114, 122, 157, 159, 160, 161, 198, 199, 200, 203, 204, 207, 215, 216, 217, 219, 220, 222, 223, 226, 232, 235, 238, 245, 253, 259, 333, 336, 337, 339, 340, 347, 348, 349, 350, 351, 352, 359, 375, 405, 409], "excluded_lines": [15, 16, 17, 18, 19, 20, 21, 22, 23, 24], "functions": {"LoginCommandHandler.__init__": {"executed_lines": [62, 63, 64, 65, 66, 67, 68, 69, 70, 71, 72], "summary": {"covered_lines": 11, "num_statements": 11, "percent_covered": 100.0, "percent_covered_display": "100", "missing_lines": 0, "excluded_lines": 0}, "missing_lines": [], "excluded_lines": []}, "LoginCommandHandler.handle": {"executed_lines": [83, 86, 87, 89, 92, 96, 97, 100, 101, 104, 107, 110, 113, 124, 127, 130, 133, 136, 139, 141], "summary": {"covered_lines": 20, "num_statements": 25, "percent_covered": 80.0, "percent_covered_display": "80", "missing_lines": 5, "excluded_lines": 0}, "missing_lines": [84, 93, 98, 114, 122], "excluded_lines": []}, "LoginCommandHandler._validate_repositories": {"executed_lines": [156, 162], "summary": {"covered_lines": 2, "num_statements": 6, "percent_covered": 33.333333333333336, "percent_covered_display": "33", "missing_lines": 4, "excluded_lines": 0}, "missing_lines": [157, 159, 160, 161], "excluded_lines": []}, "LoginCommandHandler._authenticate_user": {"executed_lines": [174, 175], "summary": {"covered_lines": 2, "num_statements": 2, "percent_covered": 100.0, "percent_covered_display": "100", "missing_lines": 0, "excluded_lines": 0}, "missing_lines": [], "excluded_lines": []}, "LoginCommandHandler._setup_session": {"executed_lines": [184], "summary": {"covered_lines": 1, "num_statements": 1, "percent_covered": 100.0, "percent_covered_display": "100", "missing_lines": 0, "excluded_lines": 0}, "missing_lines": [], "excluded_lines": []}, "LoginCommandHandler._find_free_spawn_position": {"executed_lines": [195, 196], "summary": {"covered_lines": 2, "num_statements": 22, "percent_covered": 9.090909090909092, "percent_covered_display": "9", "missing_lines": 20, "excluded_lines": 0}, "missing_lines": [198, 199, 200, 203, 204, 207, 215, 216, 217, 219, 220, 222, 223, 226, 232, 235, 238, 245, 253, 259], "excluded_lines": []}, "LoginCommandHandler._send_login_packets": {"executed_lines": [283, 286, 289, 292, 295, 297, 298, 304, 306], "summary": {"covered_lines": 9, "num_statements": 9, "percent_covered": 100.0, "percent_covered_display": "100", "missing_lines": 0, "excluded_lines": 0}, "missing_lines": [], "excluded_lines": []}, "LoginCommandHandler._initialize_player_data": {"executed_lines": [315, 316, 319, 320, 321], "summary": {"covered_lines": 5, "num_statements": 5, "percent_covered": 100.0, "percent_covered_display": "100", "missing_lines": 0, "excluded_lines": 0}, "missing_lines": [], "excluded_lines": []}, "LoginCommandHandler._send_spellbook": {"executed_lines": [329, 330], "summary": {"covered_lines": 2, "num_statements": 14, "percent_covered": 14.285714285714286, "percent_covered_display": "14", "missing_lines": 12, "excluded_lines": 0}, "missing_lines": [333, 336, 337, 339, 340, 347, 348, 349, 350, 351, 352, 359], "excluded_lines": []}, "LoginCommandHandler._spawn_player": {"executed_lines": [370, 373, 388, 389, 390, 391, 394], "summary": {"covered_lines": 7, "num_statements": 8, "percent_covered": 87.5, "percent_covered_display": "88", "missing_lines": 1, "excluded_lines": 0}, "missing_lines": [375], "excluded_lines": []}, "LoginCommandHandler._send_map_data": {"executed_lines": [404, 408, 418], "summary": {"covered_lines": 3, "num_statements": 5, "percent_covered": 60.0, "percent_covered_display": "60", "missing_lines": 2, "excluded_lines": 0}, "missing_lines": [405, 409], "excluded_lines": []}, "LoginCommandHandler._finalize_login": {"executed_lines": [427, 428, 431, 432, 433, 436, 437, 442, 443], "summary": {"covered_lines": 9, "num_statements": 9, "percent_covered": 100.0, "percent_covered_display": "100", "missing_lines": 0, "excluded_lines": 0}, "missing_lines": [], "excluded_lines": []}, "": {"executed_lines": [1, 3, 4, 5, 7, 8, 9, 10, 11, 12, 13, 15, 26, 29, 32, 33, 35, 74, 150, 164, 177, 186, 261, 308, 323, 361, 396, 420], "summary": {"covered_lines": 25, "num_statements": 25, "percent_covered": 100.0, "percent_covered_display": "100", "missing_lines": 0, "excluded_lines": 10}, "missing_lines": [], "excluded_lines": [15, 16, 17, 18, 19, 20, 21, 22, 23, 24]}}, "classes": {"LoginCommandHandler": {"executed_lines": [62, 63, 64, 65, 66, 67, 68, 69, 70, 71, 72, 83, 86, 87, 89, 92, 96, 97, 100, 101, 104, 107, 110, 113, 124, 127, 130, 133, 136, 139, 141, 156, 162, 174, 175, 184, 195, 196, 283, 286, 289, 292, 295, 297, 298, 304, 306, 315, 316, 319, 320, 321, 329, 330, 370, 373, 388, 389, 390, 391, 394, 404, 408, 418, 427, 428, 431, 432, 433, 436, 437, 442, 443], "summary": {"covered_lines": 73, "num_statements": 117, "percent_covered": 62.39316239316239, "percent_covered_display": "62", "missing_lines": 44, "excluded_lines": 0}, "missing_lines": [84, 93, 98, 114, 122, 157, 159, 160, 161, 198, 199, 200, 203, 204, 207, 215, 216, 217, 219, 220, 222, 223, 226, 232, 235, 238, 245, 253, 259, 333, 336, 337, 339, 340, 347, 348, 349, 350, 351, 352, 359, 375, 405, 409], "excluded_lines": []}, "": {"executed_lines": [1, 3, 4, 5, 7, 8, 9, 10, 11, 12, 13, 15, 26, 29, 32, 33, 35, 74, 150, 164, 177, 186, 261, 308, 323, 361, 396, 420], "summary": {"covered_lines": 25, "num_statements": 25, "percent_covered": 100.0, "percent_covered_display": "100", "missing_lines": 0, "excluded_lines": 10}, "missing_lines": [], "excluded_lines": [15, 16, 17, 18, 19, 20, 21, 22, 23, 24]}}}, "src/command_handlers/meditate_handler.py": {"executed_lines": [1, 3, 4, 6, 7, 9, 13, 16, 17, 19, 33], "summary": {"covered_lines": 8, "num_statements": 30, "percent_covered": 26.666666666666668, "percent_covered_display": "27", "missing_lines": 22, "excluded_lines": 3}, "missing_lines": [30, 31, 42, 43, 45, 47, 49, 51, 54, 55, 58, 61, 62, 68, 73, 75, 78, 83, 85, 92, 93, 94], "excluded_lines": [9, 10, 11], "functions": {"MeditateCommandHandler.__init__": {"executed_lines": [], "summary": {"covered_lines": 0, "num_statements": 2, "percent_covered": 0.0, "percent_covered_display": "0", "missing_lines": 2, "excluded_lines": 0}, "missing_lines": [30, 31], "excluded_lines": []}, "MeditateCommandHandler.handle": {"executed_lines": [], "summary": {"covered_lines": 0, "num_statements": 20, "percent_covered": 0.0, "percent_covered_display": "0", "missing_lines": 20, "excluded_lines": 0}, "missing_lines": [42, 43, 45, 47, 49, 51, 54, 55, 58, 61, 62, 68, 73, 75, 78, 83, 85, 92, 93, 94], "excluded_lines": []}, "": {"executed_lines": [1, 3, 4, 6, 7, 9, 13, 16, 17, 19, 33], "summary": {"covered_lines": 8, "num_statements": 8, "percent_covered": 100.0, "percent_covered_display": "100", "missing_lines": 0, "excluded_lines": 3}, "missing_lines": [], "excluded_lines": [9, 10, 11]}}, "classes": {"MeditateCommandHandler": {"executed_lines": [], "summary": {"covered_lines": 0, "num_statements": 22, "percent_covered": 0.0, "percent_covered_display": "0", "missing_lines": 22, "excluded_lines": 0}, "missing_lines": [30, 31, 42, 43, 45, 47, 49, 51, 54, 55, 58, 61, 62, 68, 73, 75, 78, 83, 85, 92, 93, 94], "excluded_lines": []}, "": {"executed_lines": [1, 3, 4, 6, 7, 9, 13, 16, 17, 19, 33], "summary": {"covered_lines": 8, "num_statements": 8, "percent_covered": 100.0, "percent_covered_display": "100", "missing_lines": 0, "excluded_lines": 3}, "missing_lines": [], "excluded_lines": [9, 10, 11]}}}, "src/command_handlers/motd_handler.py": {"executed_lines": [1, 3, 4, 6, 7, 9, 13, 16, 17, 19, 30, 31, 33, 42, 45, 50, 52, 56, 59, 60, 62], "summary": {"covered_lines": 18, "num_statements": 23, "percent_covered": 78.26086956521739, "percent_covered_display": "78", "missing_lines": 5, "excluded_lines": 3}, "missing_lines": [43, 53, 64, 65, 66], "excluded_lines": [9, 10, 11], "functions": {"MotdCommandHandler.__init__": {"executed_lines": [30, 31], "summary": {"covered_lines": 2, "num_statements": 2, "percent_covered": 100.0, "percent_covered_display": "100", "missing_lines": 0, "excluded_lines": 0}, "missing_lines": [], "excluded_lines": []}, "MotdCommandHandler.handle": {"executed_lines": [42, 45, 50, 52, 56, 59, 60, 62], "summary": {"covered_lines": 8, "num_statements": 13, "percent_covered": 61.53846153846154, "percent_covered_display": "62", "missing_lines": 5, "excluded_lines": 0}, "missing_lines": [43, 53, 64, 65, 66], "excluded_lines": []}, "": {"executed_line
[...]
_lines": 1, "num_statements": 1, "percent_covered": 100.0, "percent_covered_display": "100", "missing_lines": 0, "excluded_lines": 0}, "missing_lines": [], "excluded_lines": []}, "verify_password": {"executed_lines": [30, 31, 32, 33], "summary": {"covered_lines": 4, "num_statements": 4, "percent_covered": 100.0, "percent_covered_display": "100", "missing_lines": 0, "excluded_lines": 0}, "missing_lines": [], "excluded_lines": []}, "": {"executed_lines": [1, 3, 4, 6, 15, 24], "summary": {"covered_lines": 5, "num_statements": 5, "percent_covered": 100.0, "percent_covered_display": "100", "missing_lines": 0, "excluded_lines": 0}, "missing_lines": [], "excluded_lines": []}}, "classes": {"": {"executed_lines": [1, 3, 4, 6, 15, 21, 24, 30, 31, 32, 33], "summary": {"covered_lines": 10, "num_statements": 10, "percent_covered": 100.0, "percent_covered_display": "100", "missing_lines": 0, "excluded_lines": 0}, "missing_lines": [], "excluded_lines": []}}}, "src/utils/redis_client.py": {"executed_lines": [1, 3, 4, 5, 7, 9, 16, 19, 20, 21, 22, 25, 26, 28, 29, 31, 33, 34, 35, 37, 47, 48, 49, 51, 52, 54, 55, 64, 65, 66, 68, 69, 70, 73, 75, 76, 82, 83, 84, 85, 86, 87, 89, 91, 92, 95, 96, 97, 98, 99, 102, 103, 104, 105, 106, 108, 110, 111, 112, 113, 115, 116, 125, 126, 127, 128, 132, 138, 139, 141, 147, 148, 150, 152, 153, 155, 157, 158, 162, 168, 169, 171, 177, 178, 180, 186, 187, 191, 198, 199, 200, 202, 211, 212, 213, 215, 221, 222, 223, 225, 231, 232], "summary": {"covered_lines": 100, "num_statements": 100, "percent_covered": 100.0, "percent_covered_display": "100", "missing_lines": 0, "excluded_lines": 0}, "missing_lines": [], "excluded_lines": [], "functions": {"_ensure_ping_success": {"executed_lines": [20, 21, 22], "summary": {"covered_lines": 3, "num_statements": 3, "percent_covered": 100.0, "percent_covered_display": "100", "missing_lines": 0, "excluded_lines": 0}, "missing_lines": [], "excluded_lines": []}, "RedisClient.__new__": {"executed_lines": [33, 34, 35], "summary": {"covered_lines": 3, "num_statements": 3, "percent_covered": 100.0, "percent_covered_display": "100", "missing_lines": 0, "excluded_lines": 0}, "missing_lines": [], "excluded_lines": []}, "RedisClient.connect": {"executed_lines": [47, 48, 49, 51, 52, 54, 55, 64, 65, 66, 68, 69, 70, 73, 75, 76, 82, 83, 84, 85, 86, 87], "summary": {"covered_lines": 22, "num_statements": 22, "percent_covered": 100.0, "percent_covered_display": "100", "missing_lines": 0, "excluded_lines": 0}, "missing_lines": [], "excluded_lines": []}, "RedisClient._initialize_default_config": {"executed_lines": [91, 92, 95, 96, 97, 98, 99, 102, 103, 104, 105, 106], "summary": {"covered_lines": 12, "num_statements": 12, "percent_covered": 100.0, "percent_covered_display": "100", "missing_lines": 0, "excluded_lines": 0}, "missing_lines": [], "excluded_lines": []}, "RedisClient.disconnect": {"executed_lines": [110, 111, 112, 113], "summary": {"covered_lines": 4, "num_statements": 4, "percent_covered": 100.0, "percent_covered_display": "100", "missing_lines": 0, "excluded_lines": 0}, "missing_lines": [], "excluded_lines": []}, "RedisClient.redis": {"executed_lines": [125, 126, 127, 128], "summary": {"covered_lines": 4, "num_statements": 4, "percent_covered": 100.0, "percent_covered_display": "100", "missing_lines": 0, "excluded_lines": 0}, "missing_lines": [], "excluded_lines": []}, "RedisClient.get_server_host": {"executed_lines": [138, 139], "summary": {"covered_lines": 2, "num_statements": 2, "percent_covered": 100.0, "percent_covered_display": "100", "missing_lines": 0, "excluded_lines": 0}, "missing_lines": [], "excluded_lines": []}, "RedisClient.get_server_port": {"executed_lines": [147, 148], "summary": {"covered_lines": 2, "num_statements": 2, "percent_covered": 100.0, "percent_covered_display": "100", "missing_lines": 0, "excluded_lines": 0}, "missing_lines": [], "excluded_lines": []}, "RedisClient.set_server_host": {"executed_lines": [152, 153], "summary": {"covered_lines": 2, "num_statements": 2, "percent_covered": 100.0, "percent_covered_display": "100", "missing_lines": 0, "excluded_lines": 0}, "missing_lines": [], "excluded_lines": []}, "RedisClient.set_server_port": {"executed_lines": [157, 158], "summary": {"covered_lines": 2, "num_statements": 2, "percent_covered": 100.0, "percent_covered_display": "100", "missing_lines": 0, "excluded_lines": 0}, "missing_lines": [], "excluded_lines": []}, "RedisClient.increment_connections": {"executed_lines": [168, 169], "summary": {"covered_lines": 2, "num_statements": 2, "percent_covered": 100.0, "percent_covered_display": "100", "missing_lines": 0, "excluded_lines": 0}, "missing_lines": [], "excluded_lines": []}, "RedisClient.decrement_connections": {"executed_lines": [177, 178], "summary": {"covered_lines": 2, "num_statements": 2, "percent_covered": 100.0, "percent_covered_display": "100", "missing_lines": 0, "excluded_lines": 0}, "missing_lines": [], "excluded_lines": []}, "RedisClient.get_connections_count": {"executed_lines": [186, 187], "summary": {"covered_lines": 2, "num_statements": 2, "percent_covered": 100.0, "percent_covered_display": "100", "missing_lines": 0, "excluded_lines": 0}, "missing_lines": [], "excluded_lines": []}, "RedisClient.set_player_session": {"executed_lines": [198, 199, 200], "summary": {"covered_lines": 3, "num_statements": 3, "percent_covered": 100.0, "percent_covered_display": "100", "missing_lines": 0, "excluded_lines": 0}, "missing_lines": [], "excluded_lines": []}, "RedisClient.get_player_session": {"executed_lines": [211, 212, 213], "summary": {"covered_lines": 3, "num_statements": 3, "percent_covered": 100.0, "percent_covered_display": "100", "missing_lines": 0, "excluded_lines": 0}, "missing_lines": [], "excluded_lines": []}, "RedisClient.delete_player_session": {"executed_lines": [221, 222, 223], "summary": {"covered_lines": 3, "num_statements": 3, "percent_covered": 100.0, "percent_covered_display": "100", "missing_lines": 0, "excluded_lines": 0}, "missing_lines": [], "excluded_lines": []}, "RedisClient.update_player_last_seen": {"executed_lines": [231, 232], "summary": {"covered_lines": 2, "num_statements": 2, "percent_covered": 100.0, "percent_covered_display": "100", "missing_lines": 0, "excluded_lines": 0}, "missing_lines": [], "excluded_lines": []}, "": {"executed_lines": [1, 3, 4, 5, 7, 9, 16, 19, 25, 26, 28, 29, 31, 37, 89, 108, 115, 116, 132, 141, 150, 155, 162, 171, 180, 191, 202, 215, 225], "summary": {"covered_lines": 27, "num_statements": 27, "percent_covered": 100.0, "percent_covered_display": "100", "missing_lines": 0, "excluded_lines": 0}, "missing_lines": [], "excluded_lines": []}}, "classes": {"RedisClient": {"executed_lines": [33, 34, 35, 47, 48, 49, 51, 52, 54, 55, 64, 65, 66, 68, 69, 70, 73, 75, 76, 82, 83, 84, 85, 86, 87, 91, 92, 95, 96, 97, 98, 99, 102, 103, 104, 105, 106, 110, 111, 112, 113, 125, 126, 127, 128, 138, 139, 147, 148, 152, 153, 157, 158, 168, 169, 177, 178, 186, 187, 198, 199, 200, 211, 212, 213, 221, 222, 223, 231, 232], "summary": {"covered_lines": 70, "num_statements": 70, "percent_covered": 100.0, "percent_covered_display": "100", "missing_lines": 0, "excluded_lines": 0}, "missing_lines": [], "excluded_lines": []}, "": {"executed_lines": [1, 3, 4, 5, 7, 9, 16, 19, 20, 21, 22, 25, 26, 28, 29, 31, 37, 89, 108, 115, 116, 132, 141, 150, 155, 162, 171, 180, 191, 202, 215, 225], "summary": {"covered_lines": 30, "num_statements": 30, "percent_covered": 100.0, "percent_covered_display": "100", "missing_lines": 0, "excluded_lines": 0}, "missing_lines": [], "excluded_lines": []}}}, "src/utils/redis_config.py": {"executed_lines": [1, 3, 6, 7, 8, 10, 11, 12, 13, 14, 15, 18, 19, 22, 23, 24, 27, 28, 29, 30, 31, 33, 34, 35, 38, 39, 40, 43, 44, 53, 56, 57, 63, 65, 66, 72, 75, 76, 82, 84, 85, 93, 94, 100, 102, 103, 109, 111, 112, 118, 120, 121, 127, 129, 130, 136, 138, 139, 145, 147, 148, 157, 159, 160, 166, 168, 169, 175, 178, 179, 185, 187, 188, 194, 197, 198, 204, 206, 207, 216, 217, 223, 225, 226, 236, 243], "summary": {"covered_lines": 83, "num_statements": 87, "percent_covered": 95.40229885057471, "percent_covered_display": "95", "missing_lines": 4, "excluded_lines": 0}, "missing_lines": [91, 154, 213, 232], "excluded_lines": [], "functions": {"RedisKeys.ground_items": {"executed_lines": [53], "summary": {"covered_lines": 1, "num_statements": 1, "percent_covered": 100.0, "percent_covered_display": "100", "missing_lines": 0, "excluded_lines": 0}, "missing_lines": [], "excluded_lines": []}, "RedisKeys.session_active": {"executed_lines": [63], "summary": {"covered_lines": 1, "num_statements": 1, "percent_covered": 100.0, "percent_covered_display": "100", "missing_lines": 0, "excluded_lines": 0}, "missing_lines": [], "excluded_lines": []}, "RedisKeys.session_last_seen": {"executed_lines": [72], "summary": {"covered_lines": 1, "num_statements": 1, "percent_covered": 100.0, "percent_covered_display": "100", "missing_lines": 0, "excluded_lines": 0}, "missing_lines": [], "excluded_lines": []}, "RedisKeys.player_position": {"executed_lines": [82], "summary": {"covered_lines": 1, "num_statements": 1, "percent_covered": 100.0, "percent_covered_display": "100", "missing_lines": 0, "excluded_lines": 0}, "missing_lines": [], "excluded_lines": []}, "RedisKeys.player_character": {"executed_lines": [], "summary": {"covered_lines": 0, "num_statements": 1, "percent_covered": 0.0, "percent_covered_display": "0", "missing_lines": 1, "excluded_lines": 0}, "missing_lines": [91], "excluded_lines": []}, "RedisKeys.player_stats": {"executed_lines": [100], "summary": {"covered_lines": 1, "num_statements": 1, "percent_covered": 100.0, "percent_covered_display": "100", "missing_lines": 0, "excluded_lines": 0}, "missing_lines": [], "excluded_lines": []}, "RedisKeys.player_inventory": {"executed_lines": [109], "summary": {"covered_lines": 1, "num_statements": 1, "percent_covered": 100.0, "percent_covered_display": "100", "missing_lines": 0, "excluded_lines": 0}, "missing_lines": [], "excluded_lines": []}, "RedisKeys.player_user_stats": {"executed_lines": [118], "summary": {"covered_lines": 1, "num_statements": 1, "percent_covered": 100.0, "percent_covered_display": "100", "missing_lines": 0, "excluded_lines": 0}, "missing_lines": [], "excluded_lines": []}, "RedisKeys.player_hunger_thirst": {"executed_lines": [127], "summary": {"covered_lines": 1, "num_statements": 1, "percent_covered": 100.0, "percent_covered_display": "100", "missing_lines": 0, "excluded_lines": 0}, "missing_lines": [], "excluded_lines": []}, "RedisKeys.player_spellbook": {"executed_lines": [136], "summary": {"covered_lines": 1, "num_statements": 1, "percent_covered": 100.0, "percent_covered_display": "100", "missing_lines": 0, "excluded_lines": 0}, "missing_lines": [], "excluded_lines": []}, "RedisKeys.player_equipment": {"executed_lines": [145], "summary": {"covered_lines": 1, "num_statements": 1, "percent_covered": 100.0, "percent_covered_display": "100", "missing_lines": 0, "excluded_lines": 0}, "missing_lines": [], "excluded_lines": []}, "RedisKeys.player_skills": {"executed_lines": [], "summary": {"covered_lines": 0, "num_statements": 1, "percent_covered": 0.0, "percent_covered_display": "0", "missing_lines": 1, "excluded_lines": 0}, "missing_lines": [154], "excluded_lines": []}, "RedisKeys.account_data": {"executed_lines": [166], "summary": {"covered_lines": 1, "num_statements": 1, "percent_covered": 100.0, "percent_covered_display": "100", "missing_lines": 0, "excluded_lines": 0}, "missing_lines": [], "excluded_lines": []}, "RedisKeys.account_id_by_username": {"executed_lines": [175], "summary": {"covered_lines": 1, "num_statements": 1, "percent_covered": 100.0, "percent_covered_display": "100", "missing_lines": 0, "excluded_lines": 0}, "missing_lines": [], "excluded_lines": []}, "RedisKeys.npc_instance": {"executed_lines": [185], "summary": {"covered_lines": 1, "num_statements": 1, "percent_covered": 100.0, "percent_covered_display": "100", "missing_lines": 0, "excluded_lines": 0}, "missing_lines": [], "excluded_lines": []}, "RedisKeys.npc_map_index": {"executed_lines": [194], "summary": {"covered_lines": 1, "num_statements": 1, "percent_covered": 100.0, "percent_covered_display": "100", "missing_lines": 0, "excluded_lines": 0}, "missing_lines": [], "excluded_lines": []}, "RedisKeys.merchant_inventory": {"executed_lines": [204], "summary": {"covered_lines": 1, "num_statements": 1, "percent_covered": 100.0, "percent_covered_display": "100", "missing_lines": 0, "excluded_lines": 0}, "missing_lines": [], "excluded_lines": []}, "RedisKeys.session_active_merchant": {"executed_lines": [], "summary": {"covered_lines": 0, "num_statements": 1, "percent_covered": 0.0, "percent_covered_display": "0", "missing_lines": 1, "excluded_lines": 0}, "missing_lines": [213], "excluded_lines": []}, "RedisKeys.bank": {"executed_lines": [223], "summary": {"covered_lines": 1, "num_statements": 1, "percent_covered": 100.0, "percent_covered_display": "100", "missing_lines": 0, "excluded_lines": 0}, "missing_lines": [], "excluded_lines": []}, "RedisKeys.bank_gold": {"executed_lines": [], "summary": {"covered_lines": 0, "num_statements": 1, "percent_covered": 0.0, "percent_covered_display": "0", "missing_lines": 1, "excluded_lines": 0}, "missing_lines": [232], "excluded_lines": []}, "": {"executed_lines": [1, 3, 6, 7, 8, 10, 11, 12, 13, 14, 15, 18, 19, 22, 23, 24, 27, 28, 29, 30, 31, 33, 34, 35, 38, 39, 40, 43, 44, 56, 57, 65, 66, 75, 76, 84, 85, 93, 94, 102, 103, 111, 112, 120, 121, 129, 130, 138, 139, 147, 148, 157, 159, 160, 168, 169, 178, 179, 187, 188, 197, 198, 206, 207, 216, 217, 225, 226, 236, 243], "summary": {"covered_lines": 67, "num_statements": 67, "percent_covered": 100.0, "percent_covered_display": "100", "missing_lines": 0, "excluded_lines": 0}, "missing_lines": [], "excluded_lines": []}}, "classes": {"RedisConfig": {"executed_lines": [], "summary": {"covered_lines": 0, "num_statements": 0, "percent_covered": 100.0, "percent_covered_display": "100", "missing_lines": 0, "excluded_lines": 0}, "missing_lines": [], "excluded_lines": []}, "RedisKeys": {"executed_lines": [53, 63, 72, 82, 100, 109, 118, 127, 136, 145, 166, 175, 185, 194, 204, 223], "summary": {"covered_lines": 16, "num_statements": 20, "percent_covered": 80.0, "percent_covered_display": "80", "missing_lines": 4, "excluded_lines": 0}, "missing_lines": [91, 154, 213, 232], "excluded_lines": []}, "": {"executed_lines": [1, 3, 6, 7, 8, 10, 11, 12, 13, 14, 15, 18, 19, 22, 23, 24, 27, 28, 29, 30, 31, 33, 34, 35, 38, 39, 40, 43, 44, 56, 57, 65, 66, 75, 76, 84, 85, 93, 94, 102, 103, 111, 112, 120, 121, 129, 130, 138, 139, 147, 148, 157, 159, 160, 168, 169, 178, 179, 187, 188, 197, 198, 206, 207, 216, 217, 225, 226, 236, 243], "summary": {"covered_lines": 67, "num_statements": 67, "percent_covered": 100.0, "percent_covered_display": "100", "missing_lines": 0, "excluded_lines": 0}, "missing_lines": [], "excluded_lines": []}}}, "src/utils/redis_decorators.py": {"executed_lines": [1, 3, 4, 5, 6, 8, 10, 11, 14, 15, 21, 22, 28, 49, 50, 51, 53, 57, 60, 68, 69, 74, 77, 79, 81], "summary": {"covered_lines": 24, "num_statements": 28, "percent_covered": 85.71428571428571, "percent_covered_display": "86", "missing_lines": 4, "excluded_lines": 0}, "missing_lines": [54, 55, 61, 65], "excluded_lines": [], "functions": {"require_redis": {"executed_lines": [49, 50, 81], "summary": {"covered_lines": 3, "num_statements": 3, "percent_covered": 100.0, "percent_covered_display": "100", "missing_lines": 0, "excluded_lines": 0}, "missing_lines": [], "excluded_lines": []}, "require_redis.decorator": {"executed_lines": [51, 79], "summary": {"covered_lines": 2, "num_statements": 2, "percent_covered": 100.0, "percent_covered_display": "100", "missing_lines": 0, "excluded_lines": 0}, "missing_lines": [], "excluded_lines": []}, "require_redis.decorator.wrapper": {"executed_lines": [53, 57, 60, 68, 69, 74, 77], "summary": {"covered_lines": 7, "num_statements": 11, "percent_covered": 63.63636363636363, "percent_covered_display": "64", "missing_lines": 4, "excluded_lines": 0}, "missing_lines": [54, 55, 61, 65], "excluded_lines": []}, "": {"executed_lines": [1, 3, 4, 5, 6, 8, 10, 11, 14, 15, 21, 22, 28], "summary": {"covered_lines": 12, "num_statements": 12, "percent_covered": 100.0, "percent_covered_display": "100", "missing_lines": 0, "excluded_lines": 0}, "missing_lines": [], "excluded_lines": []}}, "classes": {"": {"executed_lines": [1, 3, 4, 5, 6, 8, 10, 11, 14, 15, 21, 22, 28, 49, 50, 51, 53, 57, 60, 68, 69, 74, 77, 79, 81], "summary": {"covered_lines": 24, "num_statements": 28, "percent_covered": 85.71428571428571, "percent_covered_display": "86", "missing_lines": 4, "excluded_lines": 0}, "missing_lines": [54, 55, 61, 65], "excluded_lines": []}}}, "src/utils/sounds.py": {"executed_lines": [1, 3, 6, 7, 14, 15, 16, 19, 20, 21, 24, 25, 26, 29, 30, 31, 32, 35, 36, 39, 40, 41, 44, 45, 46, 52, 53, 58, 59, 60, 61], "summary": {"covered_lines": 28, "num_statements": 28, "percent_covered": 100.0, "percent_covered_display": "100", "missing_lines": 0, "excluded_lines": 0}, "missing_lines": [], "excluded_lines": [], "functions": {"": {"executed_lines": [1, 3, 6, 7, 14, 15, 16, 19, 20, 21, 24, 25, 26, 29, 30, 31, 32, 35, 36, 39, 40, 41, 44, 45, 46, 52, 53, 58, 59, 60, 61], "summary": {"covered_lines": 28, "num_statements": 28, "percent_covered": 100.0, "percent_covered_display": "100", "missing_lines": 0, "excluded_lines": 0}, "missing_lines": [], "excluded_lines": []}}, "classes": {"SoundID": {"executed_lines": [], "summary": {"covered_lines": 0, "num_statements": 0, "percent_covered": 100.0, "percent_covered_display": "100", "missing_lines": 0, "excluded_lines": 0}, "missing_lines": [], "excluded_lines": []}, "MusicID": {"executed_lines": [], "summary": {"covered_lines": 0, "num_statements": 0, "percent_covered": 100.0, "percent_covered_display": "100", "missing_lines": 0, "excluded_lines": 0}, "missing_lines": [], "excluded_lines": []}, "": {"executed_lines": [1, 3, 6, 7, 14, 15, 16, 19, 20, 21, 24, 25, 26, 29, 30, 31, 32, 35, 36, 39, 40, 41, 44, 45, 46, 52, 53, 58, 59, 60, 61], "summary": {"covered_lines": 28, "num_statements": 28, "percent_covered": 100.0, "percent_covered_display": "100", "missing_lines": 0, "excluded_lines": 0}, "missing_lines": [], "excluded_lines": []}}}, "src/utils/visual_effects.py": {"executed_lines": [1, 3, 6, 7, 14, 15, 16, 17, 20, 21, 22, 23, 26, 27, 28, 31, 32, 33, 36, 37, 38, 44, 45, 47, 48], "summary": {"covered_lines": 22, "num_statements": 22, "percent_covered": 100.0, "percent_covered_display": "100", "missing_lines": 0, "excluded_lines": 0}, "missing_lines": [], "excluded_lines": [], "functions": {"": {"executed_lines": [1, 3, 6, 7, 14, 15, 16, 17, 20, 21, 22, 23, 26, 27, 28, 31, 32, 33, 36, 37, 38, 44, 45, 47, 48], "summary": {"covered_lines": 22, "num_statements": 22, "percent_covered": 100.0, "percent_covered_display": "100", "missing_lines": 0, "excluded_lines": 0}, "missing_lines": [], "excluded_lines": []}}, "classes": {"VisualEffectID": {"executed_lines": [], "summary": {"covered_lines": 0, "num_statements": 0, "percent_covered": 100.0, "percent_covered_display": "100", "missing_lines": 0, "excluded_lines": 0}, "missing_lines": [], "excluded_lines": []}, "FXLoops": {"executed_lines": [], "summary": {"covered_lines": 0, "num_statements": 0, "percent_covered": 100.0, "percent_covered_display": "100", "missing_lines": 0, "excluded_lines": 0}, "missing_lines": [], "excluded_lines": []}, "": {"executed_lines": [1, 3, 6, 7, 14, 15, 16, 17, 20, 21, 22, 23, 26, 27, 28, 31, 32, 33, 36, 37, 38, 44, 45, 47, 48], "summary": {"covered_lines": 22, "num_statements": 22, "percent_covered": 100.0, "percent_covered_display": "100", "missing_lines": 0, "excluded_lines": 0}, "missing_lines": [], "excluded_lines": []}}}}, "totals": {"covered_lines": 10099, "num_statements": 14707, "percent_covered": 68.66798123342626, "percent_covered_display": "69", "missing_lines": 4608, "excluded_lines": 680}}