{"meta": {"format": 3, "version": "7.10.7", "timestamp": "2025-10-13T01:07:01.472273", "branch_coverage": false, "show_contexts": false}, "files": {"src/__init__.py": {"executed_lines": [1, 3], "summary": {"covered_lines": 1, "num_statements": 1, "percent_covered": 100.0, "percent_covered_display": "100", "missing_lines": 0, "excluded_lines": 0}, "missing_lines": [], "excluded_lines": [], "functions": {"": {"executed_lines": [1, 3], "summary": {"covered_lines": 1, "num_statements": 1, "percent_covered": 100.0, "percent_covered_display": "100", "missing_lines": 0, "excluded_lines": 0}, "missing_lines": [], "excluded_lines": []}}, "classes": {"": {"executed_lines": [1, 3], "summary": {"covered_lines": 1, "num_statements": 1, "percent_covered": 100.0, "percent_covered_display": "100", "missing_lines": 0, "excluded_lines": 0}, "missing_lines": [], "excluded_lines": []}}}, "src/account_repository.py": {"executed_lines": [1, 3, 4, 6, 8, 11, 13, 16, 17, 19, 27, 84, 101], "summary": {"covered_lines": 10, "num_statements": 35, "percent_covered": 28.571428571428573, "percent_covered_display": "29", "missing_lines": 25, "excluded_lines": 2}, "missing_lines": [25, 45, 46, 48, 49, 50, 53, 56, 59, 60, 68, 69, 79, 80, 82, 93, 94, 96, 97, 99, 111, 113, 114, 116, 117], "excluded_lines": [8, 9], "functions": {"AccountRepository.__init__": {"executed_lines": [], "summary": {"covered_lines": 0, "num_statements": 1, "percent_covered": 0.0, "percent_covered_display": "0", "missing_lines": 1, "excluded_lines": 0}, "missing_lines": [25], "excluded_lines": []}, "AccountRepository.create_account": {"executed_lines": [], "summary": {"covered_lines": 0, "num_statements": 14, "percent_covered": 0.0, "percent_covered_display": "0", "missing_lines": 14, "excluded_lines": 0}, "missing_lines": [45, 46, 48, 49, 50, 53, 56, 59, 60, 68, 69, 79, 80, 82], "excluded_lines": []}, "AccountRepository.get_account": {"executed_lines": [], "summary": {"covered_lines": 0, "num_statements": 5, "percent_covered": 0.0, "percent_covered_display": "0", "missing_lines": 5, "excluded_lines": 0}, "missing_lines": [93, 94, 96, 97, 99], "excluded_lines": []}, "AccountRepository.verify_password": {"executed_lines": [], "summary": {"covered_lines": 0, "num_statements": 5, "percent_covered": 0.0, "percent_covered_display": "0", "missing_lines": 5, "excluded_lines": 0}, "missing_lines": [111, 113, 114, 116, 117], "excluded_lines": []}, "": {"executed_lines": [1, 3, 4, 6, 8, 11, 13, 16, 17, 19, 27, 84, 101], "summary": {"covered_lines": 10, "num_statements": 10, "percent_covered": 100.0, "percent_covered_display": "100", "missing_lines": 0, "excluded_lines": 2}, "missing_lines": [], "excluded_lines": [8, 9]}}, "classes": {"AccountRepository": {"executed_lines": [], "summary": {"covered_lines": 0, "num_statements": 25, "percent_covered": 0.0, "percent_covered_display": "0", "missing_lines": 25, "excluded_lines": 0}, "missing_lines": [25, 45, 46, 48, 49, 50, 53, 56, 59, 60, 68, 69, 79, 80, 82, 93, 94, 96, 97, 99, 111, 113, 114, 116, 117], "excluded_lines": []}, "": {"executed_lines": [1, 3, 4, 6, 8, 11, 13, 16, 17, 19, 27, 84, 101], "summary": {"covered_lines": 10, "num_statements": 10, "percent_covered": 100.0, "percent_covered_display": "100", "missing_lines": 0, "excluded_lines": 2}, "missing_lines": [], "excluded_lines": [8, 9]}}}, "src/client_connection.py": {"executed_lines": [1, 3, 4, 6, 9, 12, 13, 15, 22, 23, 24, 26, 32, 33, 34, 35, 43, 64, 66, 68, 70], "summary": {"covered_lines": 19, "num_statements": 24, "percent_covered": 79.16666666666667, "percent_covered_display": "79", "missing_lines": 5, "excluded_lines": 0}, "missing_lines": [52, 53, 54, 55, 62], "excluded_lines": [], "functions": {"ClientConnection.__init__": {"executed_lines": [22, 23, 24], "summary": {"covered_lines": 3, "num_statements": 3, "percent_covered": 100.0, "percent_covered_display": "100", "missing_lines": 0, "excluded_lines": 0}, "missing_lines": [], "excluded_lines": []}, "ClientConnection.send": {"executed_lines": [32, 33, 34, 35], "summary": {"covered_lines": 4, "num_statements": 4, "percent_covered": 100.0, "percent_covered_display": "100", "missing_lines": 0, "excluded_lines": 0}, "missing_lines": [], "excluded_lines": []}, "ClientConnection.receive": {"executed_lines": [], "summary": {"covered_lines": 0, "num_statements": 5, "percent_covered": 0.0, "percent_covered_display": "0", "missing_lines": 5, "excluded_lines": 0}, "missing_lines": [52, 53, 54, 55, 62], "excluded_lines": []}, "ClientConnection.close": {"executed_lines": [66], "summary": {"covered_lines": 1, "num_statements": 1, "percent_covered": 100.0, "percent_covered_display": "100", "missing_lines": 0, "excluded_lines": 0}, "missing_lines": [], "excluded_lines": []}, "ClientConnection.wait_closed": {"executed_lines": [70], "summary": {"covered_lines": 1, "num_statements": 1, "percent_covered": 100.0, "percent_covered_display": "100", "missing_lines": 0, "excluded_lines": 0}, "missing_lines": [], "excluded_lines": []}, "": {"executed_lines": [1, 3, 4, 6, 9, 12, 13, 15, 26, 43, 64, 68], "summary": {"covered_lines": 10, "num_statements": 10, "percent_covered": 100.0, "percent_covered_display": "100", "missing_lines": 0, "excluded_lines": 0}, "missing_lines": [], "excluded_lines": []}}, "classes": {"ClientConnection": {"executed_lines": [22, 23, 24, 32, 33, 34, 35, 66, 70], "summary": {"covered_lines": 9, "num_statements": 14, "percent_covered": 64.28571428571429, "percent_covered_display": "64", "missing_lines": 5, "excluded_lines": 0}, "missing_lines": [52, 53, 54, 55, 62], "excluded_lines": []}, "": {"executed_lines": [1, 3, 4, 6, 9, 12, 13, 15, 26, 43, 64, 68], "summary": {"covered_lines": 10, "num_statements": 10, "percent_covered": 100.0, "percent_covered_display": "100", "missing_lines": 0, "excluded_lines": 0}, "missing_lines": [], "excluded_lines": []}}}, "src/message_sender.py": {"executed_lines": [1, 3, 4, 6, 21, 24, 27, 28, 30, 36, 38, 55, 62, 71, 73, 108, 114, 115, 116, 118, 125, 126, 132, 134, 141, 142, 143, 145, 151, 152, 157, 159, 165, 166, 167, 169, 179, 189, 199, 210, 216, 224, 226, 253, 265, 280], "summary": {"covered_lines": 43, "num_statements": 55, "percent_covered": 78.18181818181819, "percent_covered_display": "78", "missing_lines": 12, "excluded_lines": 2}, "missing_lines": [90, 97, 106, 175, 176, 177, 185, 186, 187, 195, 196, 197], "excluded_lines": [21, 22], "functions": {"MessageSender.__init__": {"executed_lines": [36], "summary": {"covered_lines": 1, "num_statements": 1, "percent_covered": 100.0, "percent_covered_display": "100", "missing_lines": 0, "excluded_lines": 0}, "missing_lines": [], "excluded_lines": []}, "MessageSender.send_dice_roll": {"executed_lines": [55, 62, 71], "summary": {"covered_lines": 3, "num_statements": 3, "percent_covered": 100.0, "percent_covered_display": "100", "missing_lines": 0, "excluded_lines": 0}, "missing_lines": [], "excluded_lines": []}, "MessageSender.send_attributes": {"executed_lines": [], "summary": {"covered_lines": 0, "num_statements": 3, "percent_covered": 0.0, "percent_covered_display": "0", "missing_lines": 3, "excluded_lines": 0}, "missing_lines": [90, 97, 106], "excluded_lines": []}, "MessageSender.send_logged": {"executed_lines": [114, 115, 116], "summary": {"covered_lines": 3, "num_statements": 3, "percent_covered": 100.0, "percent_covered_display": "100", "missing_lines": 0, "excluded_lines": 0}, "missing_lines": [], "excluded_lines": []}, "MessageSender.send_change_map": {"executed_lines": [125, 126, 132], "summary": {"covered_lines": 3, "num_statements": 3, "percent_covered": 100.0, "percent_covered_display": "100", "missing_lines": 0, "excluded_lines": 0}, "missing_lines": [], "excluded_lines": []}, "MessageSender.send_pos_update": {"executed_lines": [141, 142, 143], "summary": {"covered_lines": 3, "num_statements": 3, "percent_covered": 100.0, "percent_covered_display": "100", "missing_lines": 0, "excluded_lines": 0}, "missing_lines": [], "excluded_lines": []}, "MessageSender.send_user_char_index_in_server": {"executed_lines": [151, 152, 157], "summary": {"covered_lines": 3, "num_statements": 3, "percent_covered": 100.0, "percent_covered_display": "100", "missing_lines": 0, "excluded_lines": 0}, "missing_lines": [], "excluded_lines": []}, "MessageSender.send_error_msg": {"executed_lines": [165, 166, 167], "summary": {"covered_lines": 3, "num_statements": 3, "percent_covered": 100.0, "percent_covered_display": "100", "missing_lines": 0, "excluded_lines": 0}, "missing_lines": [], "excluded_lines": []}, "MessageSender.send_update_hp": {"executed_lines": [], "summary": {"covered_lines": 0, "num_statements": 3, "percent_covered": 0.0, "percent_covered_display": "0", "missing_lines": 3, "excluded_lines": 0}, "missing_lines": [175, 176, 177], "excluded_lines": []}, "MessageSender.send_update_mana": {"executed_lines": [], "summary": {"covered_lines": 0, "num_statements": 3, "percent_covered": 0.0, "percent_covered_display": "0", "missing_lines": 3, "excluded_lines": 0}, "missing_lines": [185, 186, 187], "excluded_lines": []}, "MessageSender.send_update_sta": {"executed_lines": [], "summary": {"covered_lines": 0, "num_statements": 3, "percent_covered": 0.0, "percent_covered_display": "0", "missing_lines": 3, "excluded_lines": 0}, "missing_lines": [195, 196, 197], "excluded_lines": []}, "MessageSender.send_update_hunger_and_thirst": {"executed_lines": [210, 216, 224], "summary": {"covered_lines": 3, "num_statements": 3, "percent_covered": 100.0, "percent_covered_display": "100", "missing_lines": 0, "excluded_lines": 0}, "missing_lines": [], "excluded_lines": []}, "MessageSender.send_update_user_stats": {"executed_lines": [253, 265, 280], "summary": {"covered_lines": 3, "num_statements": 3, "percent_covered": 100.0, "percent_covered_display": "100", "missing_lines": 0, "excluded_lines": 0}, "missing_lines": [], "excluded_lines": []}, "": {"executed_lines": [1, 3, 4, 6, 21, 24, 27, 28, 30, 38, 73, 108, 118, 134, 145, 159, 169, 179, 189, 199, 226], "summary": {"covered_lines": 18, "num_statements": 18, "percent_covered": 100.0, "percent_covered_display": "100", "missing_lines": 0, "excluded_lines": 2}, "missing_lines": [], "excluded_lines": [21, 22]}}, "classes": {"MessageSender": {"executed_lines": [36, 55, 62, 71, 114, 115, 116, 125, 126, 132, 141, 142, 143, 151, 152, 157, 165, 166, 167, 210, 216, 224, 253, 265, 280], "summary": {"covered_lines": 25, "num_statements": 37, "percent_covered": 67.56756756756756, "percent_covered_display": "68", "missing_lines": 12, "excluded_lines": 0}, "missing_lines": [90, 97, 106, 175, 176, 177, 185, 186, 187, 195, 196, 197], "excluded_lines": []}, "": {"executed_lines": [1, 3, 4, 6, 21, 24, 27, 28, 30, 38, 73, 108, 118, 134, 145, 159, 169, 179, 189, 199, 226], "summary": {"covered_lines": 18, "num_statements": 18, "percent_covered": 100.0, "percent_covered_display": "100", "missing_lines": 0, "excluded_lines": 2}, "missing_lines": [], "excluded_lines": [21, 22]}}}, "src/msg.py": {"executed_lines": [1, 3, 4, 7, 26, 27, 28, 29, 30, 31, 32, 33, 36, 65, 74, 75, 76, 77, 80, 90, 91, 92, 93, 94, 97, 107, 108, 109, 110, 111, 114, 123, 124, 125, 126, 129, 139, 140, 141, 142, 143, 144, 147, 162, 177, 192, 206, 207, 208, 209, 210, 211, 212, 215, 244, 245, 246, 247, 248, 249, 250, 251, 252, 253, 254, 255, 256], "summary": {"covered_lines": 66, "num_statements": 86, "percent_covered": 76.74418604651163, "percent_covered_display": "77", "missing_lines": 20, "excluded_lines": 0}, "missing_lines": [55, 56, 57, 58, 59, 60, 61, 62, 156, 157, 158, 159, 171, 172, 173, 174, 186, 187, 188, 189], "excluded_lines": [], "functions": {"build_dice_roll_response": {"executed_lines": [26, 27, 28, 29, 30, 31, 32, 33], "summary": {"covered_lines": 8, "num_statements": 8, "percent_covered": 100.0, "percent_covered_display": "100", "missing_lines": 0, "excluded_lines": 0}, "missing_lines": [], "excluded_lines": []}, "build_attributes_response": {"executed_lines": [], "summary": {"covered_lines": 0, "num_statements": 8, "percent_covered": 0.0, "percent_covered_display": "0", "missing_lines": 8, "excluded_lines": 0}, "missing_lines": [55, 56, 57, 58, 59, 60, 61, 62], "excluded_lines": []}, "build_logged_response": {"executed_lines": [74, 75, 76, 77], "summary": {"covered_lines": 4, "num_statements": 4, "percent_covered": 100.0, "percent_covered_display": "100", "missing_lines": 0, "excluded_lines": 0}, "missing_lines": [], "excluded_lines": []}, "build_change_map_response": {"executed_lines": [90, 91, 92, 93, 94], "summary": {"covered_lines": 5, "num_statements": 5, "percent_covered": 100.0, "percent_covered_display": "100", "missing_lines": 0, "excluded_lines": 0}, "missing_lines": [], "excluded_lines": []}, "build_pos_update_response": {"executed_lines": [107, 108, 109, 110, 111], "summary": {"covered_lines": 5, "num_statements": 5, "percent_covered": 100.0, "percent_covered_display": "100", "missing_lines": 0, "excluded_lines": 0}, "missing_lines": [], "excluded_lines": []}, "build_user_char_index_in_server_response": {"executed_lines": [123, 124, 125, 126], "summary": {"covered_lines": 4, "num_statements": 4, "percent_covered": 100.0, "percent_covered_display": "100", "missing_lines": 0, "excluded_lines": 0}, "missing_lines": [], "excluded_lines": []}, "build_error_msg_response": {"executed_lines": [139, 140, 141, 142, 143, 144], "summary": {"covered_lines": 6, "num_statements": 6, "percent_covered": 100.0, "percent_covered_display": "100", "missing_lines": 0, "excluded_lines": 0}, "missing_lines": [], "excluded_lines": []}, "build_update_hp_response": {"executed_lines": [], "summary": {"covered_lines": 0, "num_statements": 4, "percent_covered": 0.0, "percent_covered_display": "0", "missing_lines": 4, "excluded_lines": 0}, "missing_lines": [156, 157, 158, 159], "excluded_lines": []}, "build_update_mana_response": {"executed_lines": [], "summary": {"covered_lines": 0, "num_statements": 4, "percent_covered": 0.0, "percent_covered_display": "0", "missing_lines": 4, "excluded_lines": 0}, "missing_lines": [171, 172, 173, 174], "excluded_lines": []}, "build_update_sta_response": {"executed_lines": [], "summary": {"covered_lines": 0, "num_statements": 4, "percent_covered": 0.0, "percent_covered_display": "0", "missing_lines": 4, "excluded_lines": 0}, "missing_lines": [186, 187, 188, 189], "excluded_lines": []}, "build_update_hunger_and_thirst_response": {"executed_lines": [206, 207, 208, 209, 210, 211, 212], "summary": {"covered_lines": 7, "num_statements": 7, "percent_covered": 100.0, "percent_covered_display": "100", "missing_lines": 0, "excluded_lines": 0}, "missing_lines": [], "excluded_lines": []}, "build_update_user_stats_response": {"executed_lines": [244, 245, 246, 247, 248, 249, 250, 251, 252, 253, 254, 255, 256], "summary": {"covered_lines": 13, "num_statements": 13, "percent_covered": 100.0, "percent_covered_display": "100", "missing_lines": 0, "excluded_lines": 0}, "missing_lines": [], "excluded_lines": []}, "": {"executed_lines": [1, 3, 4, 7, 36, 65, 80, 97, 114, 129, 147, 162, 177, 192, 215], "summary": {"covered_lines": 14, "num_statements": 14, "percent_covered": 100.0, "percent_covered_display": "100", "missing_lines": 0, "excluded_lines": 0}, "missing_lines": [], "excluded_lines": []}}, "classes": {"": {"executed_lines": [1, 3, 4, 7, 26, 27, 28, 29, 30, 31, 32, 33, 36, 65, 74, 75, 76, 77, 80, 90, 91, 92, 93, 94, 97, 107, 108, 109, 110, 111, 114, 123, 124, 125, 126, 129, 139, 140, 141, 142, 143, 144, 147, 162, 177, 192, 206, 207, 208, 209, 210, 211, 212, 215, 244, 245, 246, 247, 248, 249, 250, 251, 252, 253, 254, 255, 256], "summary": {"covered_lines": 66, "num_statements": 86, "percent_covered": 76.74418604651163, "percent_covered_display": "77", "missing_lines": 20, "excluded_lines": 0}, "missing_lines": [55, 56, 57, 58, 59, 60, 61, 62, 156, 157, 158, 159, 171, 172, 173, 174, 186, 187, 188, 189], "excluded_lines": []}}}, "src/packet_builder.py": {"executed_lines": [1, 10, 11, 14, 15, 17, 19, 21, 33, 34, 35, 36, 37, 39, 49, 50, 52, 62, 63, 65, 75, 76, 77, 79, 88, 89, 91, 100, 102, 108], "summary": {"covered_lines": 28, "num_statements": 28, "percent_covered": 100.0, "percent_covered_display": "100", "missing_lines": 0, "excluded_lines": 0}, "missing_lines": [], "excluded_lines": [], "functions": {"PacketBuilder.__init__": {"executed_lines": [19], "summary": {"covered_lines": 1, "num_statements": 1, "percent_covered": 100.0, "percent_covered_display": "100", "missing_lines": 0, "excluded_lines": 0}, "missing_lines": [], "excluded_lines": []}, "PacketBuilder.add_byte": {"executed_lines": [33, 34, 35, 36, 37], "summary": {"covered_lines": 5, "num_statements": 5, "percent_covered": 100.0, "percent_covered_display": "100", "missing_lines": 0, "excluded_lines": 0}, "missing_lines": [], "excluded_lines": []}, "PacketBuilder.add_int16": {"executed_lines": [49, 50], "summary": {"covered_lines": 2, "num_statements": 2, "percent_covered": 100.0, "percent_covered_display": "100", "missing_lines": 0, "excluded_lines": 0}, "missing_lines": [], "excluded_lines": []}, "PacketBuilder.add_int32": {"executed_lines": [62, 63], "summary": {"covered_lines": 2, "num_statements": 2, "percent_covered": 100.0, "percent_covered_display": "100", "missing_lines": 0, "excluded_lines": 0}, "missing_lines": [], "excluded_lines": []}, "PacketBuilder.add_string": {"executed_lines": [75, 76, 77], "summary": {"covered_lines": 3, "num_statements": 3, "percent_covered": 100.0, "percent_covered_display": "100", "missing_lines": 0, "excluded_lines": 0}, "missing_lines": [], "excluded_lines": []}, "PacketBuilder.add_bytes": {"executed_lines": [88, 89], "summary": {"covered_lines": 2, "num_statements": 2, "percent_covered": 100.0, "percent_covered_display": "100", "missing_lines": 0, "excluded_lines": 0}, "missing_lines": [], "excluded_lines": []}, "PacketBuilder.to_bytes": {"executed_lines": [100], "summary": {"covered_lines": 1, "num_statements": 1, "percent_covered": 100.0, "percent_covered_display": "100", "missing_lines": 0, "excluded_lines": 0}, "missing_lines": [], "excluded_lines": []}, "PacketBuilder.__len__": {"executed_lines": [108], "summary": {"covered_lines": 1, "num_statements": 1, "percent_covered": 100.0, "percent_covered_display": "100", "missing_lines": 0, "excluded_lines": 0}, "missing_lines": [], "excluded_lines": []}, "": {"executed_lines": [1, 10, 11, 14, 15, 17, 21, 39, 52, 65, 79, 91, 102], "summary": {"covered_lines": 11, "num_statements": 11, "percent_covered": 100.0, "percent_covered_display": "100", "missing_lines": 0, "excluded_lines": 0}, "missing_lines": [], "excluded_lines": []}}, "classes": {"PacketBuilder": {"executed_lines": [19, 33, 34, 35, 36, 37, 49, 50, 62, 63, 75, 76, 77, 88, 89, 100, 108], "summary": {"covered_lines": 17, "num_statements": 17, "percent_covered": 100.0, "percent_covered_display": "100", "missing_lines": 0, "excluded_lines": 0}, "missing_lines": [], "excluded_lines": []}, "": {"executed_lines": [1, 10, 11, 14, 15, 17, 21, 39, 52, 65, 79, 91, 102], "summary": {"covered_lines": 11, "num_statements": 11, "percent_covered": 100.0, "percent_covered_display": "100", "missing_lines": 0, "excluded_lines": 0}, "missing_lines": [], "excluded_lines": []}}}, "src/packet_handlers.py": {"executed_lines": [], "summary": {"covered_lines": 0, "num_statements": 3, "percent_covered": 0.0, "percent_covered_display": "0", "missing_lines": 3, "excluded_lines": 0}, "missing_lines": [3, 4, 7], "excluded_lines": [], "functions": {"": {"executed_lines": [], "summary": {"covered_lines": 0, "num_statements": 3, "percent_covered": 0.0, "percent_covered_display": "0", "missing_lines": 3, "excluded_lines": 0}, "missing_lines": [3, 4, 7], "excluded_lines": []}}, "classes": {"": {"executed_lines": [], "summary": {"covered_lines": 0, "num_statements": 3, "percent_covered": 0.0, "percent_covered_display": "0", "missing_lines": 3, "excluded_lines": 0}, "missing_lines": [3, 4, 7], "excluded_lines": []}}}, "src/packet_id.py": {"executed_lines": [1, 6, 9, 10, 13, 14, 15, 16, 19, 150, 151, 154, 155, 156, 157, 158, 159, 160, 161, 162, 163, 164, 165], "summary": {"covered_lines": 20, "num_statements": 20, "percent_covered": 100.0, "percent_covered_display": "100", "missing_lines": 0, "excluded_lines": 0}, "missing_lines": [], "excluded_lines": [], "functions": {"": {"executed_lines": [1, 6, 9, 10, 13, 14, 15, 16, 19, 150, 151, 154, 155, 156, 157, 158, 159, 160, 161, 162, 163, 164, 165], "summary": {"covered_lines": 20, "num_statements": 20, "percent_covered": 100.0, "percent_covered_display": "100", "missing_lines": 0, "excluded_lines": 0}, "missing_lines": [], "excluded_lines": []}}, "classes": {"ClientPacketID": {"executed_lines": [], "summary": {"covered_lines": 0, "num_statements": 0, "percent_covered": 100.0, "percent_covered_display": "100", "missing_lines": 0, "excluded_lines": 0}, "missing_lines": [], "excluded_lines": []}, "ServerPacketID": {"executed_lines": [], "summary": {"covered_lines": 0, "num_statements": 0, "percent_covered": 100.0, "percent_covered_display": "100", "missing_lines": 0, "excluded_lines": 0}, "missing_lines": [], "excluded_lines": []}, "": {"executed_lines": [1, 6, 9, 10, 13, 14, 15, 16, 19, 150, 151, 154, 155, 156, 157, 158, 159, 160, 161, 162, 163, 164, 165], "summary": {"covered_lines": 20, "num_statements": 20, "percent_covered": 100.0, "percent_covered_display": "100", "missing_lines": 0, "excluded_lines": 0}, "missing_lines": [], "excluded_lines": []}}}, "src/player_repository.py": {"executed_lines": [1, 3, 4, 6, 8, 11, 13, 16, 17, 19, 27, 48, 68, 96, 141, 163, 185, 208], "summary": {"covered_lines": 15, "num_statements": 52, "percent_covered": 28.846153846153847, "percent_covered_display": "29", "missing_lines": 37, "excluded_lines": 2}, "missing_lines": [25, 36, 37, 39, 40, 42, 57, 58, 63, 64, 77, 78, 80, 81, 83, 125, 126, 138, 139, 150, 151, 153, 154, 156, 175, 176, 182, 183, 194, 195, 197, 198, 200, 227, 228, 235, 236], "excluded_lines": [8, 9], "functions": {"PlayerRepository.__init__": {"executed_lines": [], "summary": {"covered_lines": 0, "num_statements": 1, "percent_covered": 0.0, "percent_covered_display": "0", "missing_lines": 1, "excluded_lines": 0}, "missing_lines": [25], "excluded_lines": []}, "PlayerRepository.get_position": {"executed_lines": [], "summary": {"covered_lines": 0, "num_statements": 5, "percent_covered": 0.0, "percent_covered_display": "0", "missing_lines": 5, "excluded_lines": 0}, "missing_lines": [36, 37, 39, 40, 42], "excluded_lines": []}, "PlayerRepository.set_position": {"executed_lines": [], "summary": {"covered_lines": 0, "num_statements": 4, "percent_covered": 0.0, "percent_covered_display": "0", "missing_lines": 4, "excluded_lines": 0}, "missing_lines": [57, 58, 63, 64], "excluded_lines": []}, "PlayerRepository.get_stats": {"executed_lines": [], "summary": {"covered_lines": 0, "num_statements": 5, "percent_covered": 0.0, "percent_covered_display": "0", "missing_lines": 5, "excluded_lines": 0}, "missing_lines": [77, 78, 80, 81, 83], "excluded_lines": []}, "PlayerRepository.set_stats": {"executed_lines": [], "summary": {"covered_lines": 0, "num_statements": 4, "percent_covered": 0.0, "percent_covered_display": "0", "missing_lines": 4, "excluded_lines": 0}, "missing_lines": [125, 126, 138, 139], "excluded_lines": []}, "PlayerRepository.get_hunger_thirst": {"executed_lines": [], "summary": {"covered_lines": 0, "num_statements": 5, "percent_covered": 0.0, "percent_covered_display": "0", "missing_lines": 5, "excluded_lines": 0}, "missing_lines": [150, 151, 153, 154, 156], "excluded_lines": []}, "PlayerRepository.set_hunger_thirst": {"executed_lines": [], "summary": {"covered_lines": 0, "num_statements": 4, "percent_covered": 0.0, "percent_covered_display": "0", "missing_lines": 4, "excluded_lines": 0}, "missing_lines": [175, 176, 182, 183], "excluded_lines": []}, "PlayerRepository.get_attributes": {"executed_lines": [], "summary": {"covered_lines": 0, "num_statements": 5, "percent_covered": 0.0, "percent_covered_display": "0", "missing_lines": 5, "excluded_lines": 0}, "missing_lines": [194, 195, 197, 198, 200], "excluded_lines": []}, "PlayerRepository.set_attributes": {"executed_lines": [], "summary": {"covered_lines": 0, "num_statements": 4, "percent_covered": 0.0, "percent_covered_display": "0", "missing_lines": 4, "excluded_lines": 0}, "missing_lines": [227, 228, 235, 236], "excluded_lines": []}, "": {"executed_lines": [1, 3, 4, 6, 8, 11, 13, 16, 17, 19, 27, 48, 68, 96, 141, 163, 185, 208], "summary": {"covered_lines": 15, "num_statements": 15, "percent_covered": 100.0, "percent_covered_display": "100", "missing_lines": 0, "excluded_lines": 2}, "missing_lines": [], "excluded_lines": [8, 9]}}, "classes": {"PlayerRepository": {"executed_lines": [], "summary": {"covered_lines": 0, "num_statements": 37, "percent_covered": 0.0, "percent_covered_display": "0", "missing_lines": 37, "excluded_lines": 0}, "missing_lines": [25, 36, 37, 39, 40, 42, 57, 58, 63, 64, 77, 78, 80, 81, 83, 125, 126, 138, 139, 150, 151, 153, 154, 156, 175, 176, 182, 183, 194, 195, 197, 198, 200, 227, 228, 235, 236], "excluded_lines": []}, "": {"executed_lines": [1, 3, 4, 6, 8, 11, 13, 16, 17, 19, 27, 48, 68, 96, 141, 163, 185, 208], "summary": {"covered_lines": 15, "num_statements": 15, "percent_covered": 100.0, "percent_covered_display": "100", "missing_lines": 0, "excluded_lines": 2}, "missing_lines": [], "excluded_lines": [8, 9]}}}, "src/redis_client.py": {"executed_lines": [1, 3, 4, 5, 7, 9, 11, 14, 15, 17, 18, 20, 22, 23, 24, 26, 36, 40, 43, 44, 53, 59, 60, 66, 67, 73, 85, 87, 88, 89, 90, 92, 93, 102, 105, 109, 115, 116, 118, 124, 125, 127, 129, 130, 132, 134, 135, 139, 145, 146, 148, 154, 155, 157, 163, 164, 168, 175, 176, 177, 179, 188, 189, 190, 192, 198, 199, 200, 202, 208, 209], "summary": {"covered_lines": 69, "num_statements": 87, "percent_covered": 79.3103448275862, "percent_covered_display": "79", "missing_lines": 18, "excluded_lines": 0}, "missing_lines": [37, 38, 41, 54, 57, 68, 69, 70, 71, 75, 76, 78, 80, 81, 82, 83, 103, 104], "excluded_lines": [], "functions": {"RedisClient.__new__": {"executed_lines": [22, 23, 24], "summary": {"covered_lines": 3, "num_statements": 3, "percent_covered": 100.0, "percent_covered_display": "100", "missing_lines": 0, "excluded_lines": 0}, "missing_lines": [], "excluded_lines": []}, "RedisClient.connect": {"executed_lines": [36, 40, 43, 44, 53, 59, 60, 66, 67], "summary": {"covered_lines": 9, "num_statements": 18, "percent_covered": 50.0, "percent_covered_display": "50", "missing_lines": 9, "excluded_lines": 0}, "missing_lines": [37, 38, 41, 54, 57, 68, 69, 70, 71], "excluded_lines": []}, "RedisClient._initialize_default_config": {"executed_lines": [], "summary": {"covered_lines": 0, "num_statements": 7, "percent_covered": 0.0, "percent_covered_display": "0", "missing_lines": 7, "excluded_lines": 0}, "missing_lines": [75, 76, 78, 80, 81, 82, 83], "excluded_lines": []}, "RedisClient.disconnect": {"executed_lines": [87, 88, 89, 90], "summary": {"covered_lines": 4, "num_statements": 4, "percent_covered": 100.0, "percent_covered_display": "100", "missing_lines": 0, "excluded_lines": 0}, "missing_lines": [], "excluded_lines": []}, "RedisClient.redis": {"executed_lines": [102, 105], "summary": {"covered_lines": 2, "num_statements": 4, "percent_covered": 50.0, "percent_covered_display": "50", "missing_lines": 2, "excluded_lines": 0}, "missing_lines": [103, 104], "excluded_lines": []}, "RedisClient.get_server_host": {"executed_lines": [115, 116], "summary": {"covered_lines": 2, "num_statements": 2, "percent_covered": 100.0, "percent_covered_display": "100", "missing_lines": 0, "excluded_lines": 0}, "missing_lines": [], "excluded_lines": []}, "RedisClient.get_server_port": {"executed_lines": [124, 125], "summary": {"covered_lines": 2, "num_statements": 2, "percent_covered": 100.0, "percent_covered_display": "100", "missing_lines": 0, "excluded_lines": 0}, "missing_lines": [], "excluded_lines": []}, "RedisClient.set_server_host": {"executed_lines": [129, 130], "summary": {"covered_lines": 2, "num_statements": 2, "percent_covered": 100.0, "percent_covered_display": "100", "missing_lines": 0, "excluded_lines": 0}, "missing_lines": [], "excluded_lines": []}, "RedisClient.set_server_port": {"executed_lines": [134, 135], "summary": {"covered_lines": 2, "num_statements": 2, "percent_covered": 100.0, "percent_covered_display": "100", "missing_lines": 0, "excluded_lines": 0}, "missing_lines": [], "excluded_lines": []}, "RedisClient.increment_connections": {"executed_lines": [145, 146], "summary": {"covered_lines": 2, "num_statements": 2, "percent_covered": 100.0, "percent_covered_display": "100", "missing_lines": 0, "excluded_lines": 0}, "missing_lines": [], "excluded_lines": []}, "RedisClient.decrement_connections": {"executed_lines": [154, 155], "summary": {"covered_lines": 2, "num_statements": 2, "percent_covered": 100.0, "percent_covered_display": "100", "missing_lines": 0, "excluded_lines": 0}, "missing_lines": [], "excluded_lines": []}, "RedisClient.get_connections_count": {"executed_lines": [163, 164], "summary": {"covered_lines": 2, "num_statements": 2, "percent_covered": 100.0, "percent_covered_display": "100", "missing_lines": 0, "excluded_lines": 0}, "missing_lines": [], "excluded_lines": []}, "RedisClient.set_player_session": {"executed_lines": [175, 176, 177], "summary": {"covered_lines": 3, "num_statements": 3, "percent_covered": 100.0, "percent_covered_display": "100", "missing_lines": 0, "excluded_lines": 0}, "missing_lines": [], "excluded_lines": []}, "RedisClient.get_player_session": {"executed_lines": [188, 189, 190], "summary": {"covered_lines": 3, "num_statements": 3, "percent_covered": 100.0, "percent_covered_display": "100", "missing_lines": 0, "excluded_lines": 0}, "missing_lines": [], "excluded_lines": []}, "RedisClient.delete_player_session": {"executed_lines": [198, 199, 200], "summary": {"covered_lines": 3, "num_statements": 3, "percent_covered": 100.0, "percent_covered_display": "100", "missing_lines": 0, "excluded_lines": 0}, "missing_lines": [], "excluded_lines": []}, "RedisClient.update_player_last_seen": {"executed_lines": [208, 209], "summary": {"covered_lines": 2, "num_statements": 2, "percent_covered": 100.0, "percent_covered_display": "100", "missing_lines": 0, "excluded_lines": 0}, "missing_lines": [], "excluded_lines": []}, "": {"executed_lines": [1, 3, 4, 5, 7, 9, 11, 14, 15, 17, 18, 20, 26, 73, 85, 92, 93, 109, 118, 127, 132, 139, 148, 157, 168, 179, 192, 202], "summary": {"covered_lines": 26, "num_statements": 26, "percent_covered": 100.0, "percent_covered_display": "100", "missing_lines": 0, "excluded_lines": 0}, "missing_lines": [], "excluded_lines": []}}, "classes": {"RedisClient": {"executed_lines": [22, 23, 24, 36, 40, 43, 44, 53, 59, 60, 66, 67, 87, 88, 89, 90, 102, 105, 115, 116, 124, 125, 129, 130, 134, 135, 145, 146, 154, 155, 163, 164, 175, 176, 177, 188, 189, 190, 198, 199, 200, 208, 209], "summary": {"covered_lines": 43, "num_statements": 61, "percent_covered": 70.49180327868852, "percent_covered_display": "70", "missing_lines": 18, "excluded_lines": 0}, "missing_lines": [37, 38, 41, 54, 57, 68, 69, 70, 71, 75, 76, 78, 80, 81, 82, 83, 103, 104], "excluded_lines": []}, "": {"executed_lines": [1, 3, 4, 5, 7, 9, 11, 14, 15, 17, 18, 20, 26, 73, 85, 92, 93, 109, 118, 127, 132, 139, 148, 157, 168, 179, 192, 202], "summary": {"covered_lines": 26, "num_statements": 26, "percent_covered": 100.0, "percent_covered_display": "100", "missing_lines": 0, "excluded_lines": 0}, "missing_lines": [], "excluded_lines": []}}}, "src/redis_config.py": {"executed_lines": [1, 3, 6, 7, 8, 10, 11, 12, 13, 14, 15, 18, 19, 22, 23, 24, 27, 28, 29, 32, 33, 39, 41, 42, 48, 51, 52, 58, 60, 61, 69, 70, 76, 78, 79, 85, 87, 88, 96, 97, 106, 108, 109, 117, 118, 128], "summary": {"covered_lines": 43, "num_statements": 48, "percent_covered": 89.58333333333333, "percent_covered_display": "90", "missing_lines": 5, "excluded_lines": 0}, "missing_lines": [67, 94, 103, 115, 124], "excluded_lines": [], "functions": {"RedisKeys.session_active": {"executed_lines": [39], "summary": {"covered_lines": 1, "num_statements": 1, "percent_covered": 100.0, "percent_covered_display": "100", "missing_lines": 0, "excluded_lines": 0}, "missing_lines": [], "excluded_lines": []}, "RedisKeys.session_last_seen": {"executed_lines": [48], "summary": {"covered_lines": 1, "num_statements": 1, "percent_covered": 100.0, "percent_covered_display": "100", "missing_lines": 0, "excluded_lines": 0}, "missing_lines": [], "excluded_lines": []}, "RedisKeys.player_position": {"executed_lines": [58], "summary": {"covered_lines": 1, "num_statements": 1, "percent_covered": 100.0, "percent_covered_display": "100", "missing_lines": 0, "excluded_lines": 0}, "missing_lines": [], "excluded_lines": []}, "RedisKeys.player_character": {"executed_lines": [], "summary": {"covered_lines": 0, "num_statements": 1, "percent_covered": 0.0, "percent_covered_display": "0", "missing_lines": 1, "excluded_lines": 0}, "missing_lines": [67], "excluded_lines": []}, "RedisKeys.player_stats": {"executed_lines": [76], "summary": {"covered_lines": 1, "num_statements": 1, "percent_covered": 100.0, "percent_covered_display": "100", "missing_lines": 0, "excluded_lines": 0}, "missing_lines": [], "excluded_lines": []}, "RedisKeys.player_inventory": {"executed_lines": [85], "summary": {"covered_lines": 1, "num_statements": 1, "percent_covered": 100.0, "percent_covered_display": "100", "missing_lines": 0, "excluded_lines": 0}, "missing_lines": [], "excluded_lines": []}, "RedisKeys.player_user_stats": {"executed_lines": [], "summary": {"covered_lines": 0, "num_statements": 1, "percent_covered": 0.0, "percent_covered_display": "0", "missing_lines": 1, "excluded_lines": 0}, "missing_lines": [94], "excluded_lines": []}, "RedisKeys.player_hunger_thirst": {"executed_lines": [], "summary": {"covered_lines": 0, "num_statements": 1, "percent_covered": 0.0, "percent_covered_display": "0", "missing_lines": 1, "excluded_lines": 0}, "missing_lines": [103], "excluded_lines": []}, "RedisKeys.account_data": {"executed_lines": [], "summary": {"covered_lines": 0, "num_statements": 1, "percent_covered": 0.0, "percent_covered_display": "0", "missing_lines": 1, "excluded_lines": 0}, "missing_lines": [115], "excluded_lines": []}, "RedisKeys.account_id_by_username": {"executed_lines": [], "summary": {"covered_lines": 0, "num_statements": 1, "percent_covered": 0.0, "percent_covered_display": "0", "missing_lines": 1, "excluded_lines": 0}, "missing_lines": [124], "excluded_lines": []}, "": {"executed_lines": [1, 3, 6, 7, 8, 10, 11, 12, 13, 14, 15, 18, 19, 22, 23, 24, 27, 28, 29, 32, 33, 41, 42, 51, 52, 60, 61, 69, 70, 78, 79, 87, 88, 96, 97, 106, 108, 109, 117, 118, 128], "summary": {"covered_lines": 38, "num_statements": 38, "percent_covered": 100.0, "percent_covered_display": "100", "missing_lines": 0, "excluded_lines": 0}, "missing_lines": [], "excluded_lines": []}}, "classes": {"RedisConfig": {"executed_lines": [], "summary": {"covered_lines": 0, "num_statements": 0, "percent_covered": 100.0, "percent_covered_display": "100", "missing_lines": 0, "excluded_lines": 0}, "missing_lines": [], "excluded_lines": []}, "RedisKeys": {"executed_lines": [39, 48, 58, 76, 85], "summary": {"covered_lines": 5, "num_statements": 10, "percent_covered": 50.0, "percent_covered_display": "50", "missing_lines": 5, "excluded_lines": 0}, "missing_lines": [67, 94, 103, 115, 124], "excluded_lines": []}, "": {"executed_lines": [1, 3, 6, 7, 8, 10, 11, 12, 13, 14, 15, 18, 19, 22, 23, 24, 27, 28, 29, 32, 33, 41, 42, 51, 52, 60, 61, 69, 70, 78, 79, 87, 88, 96, 97, 106, 108, 109, 117, 118, 128], "summary": {"covered_lines": 38, "num_statements": 38, "percent_covered": 100.0, "percent_covered_display": "100", "missing_lines": 0, "excluded_lines": 0}, "missing_lines": [], "excluded_lines": []}}}, "src/run_server.py": {"executed_lines": [], "summary": {"covered_lines": 0, "num_statements": 15, "percent_covered": 0.0, "percent_covered_display": "0", "missing_lines": 15, "excluded_lines": 2}, "missing_lines": [3, 4, 6, 9, 13, 16, 18, 20, 22, 23, 24, 25, 26, 27, 28], "excluded_lines": [31, 32], "functions": {"main": {"executed_lines": [], "summary": {"covered_lines": 0, "num_statements": 9, "percent_covered": 0.0, "percent_covered_display": "0", "missing_lines": 9, "excluded_lines": 0}, "missing_lines": [18, 20, 22, 23, 24, 25, 26, 27, 28], "excluded_lines": []}, "": {"executed_lines": [], "summary": {"covered_lines": 0, "num_statements": 6, "percent_covered": 0.0, "percent_covered_display": "0", "missing_lines": 6, "excluded_lines": 2}, "missing_lines": [3, 4, 6, 9, 13, 16], "excluded_lines": [31, 32]}}, "classes": {"": {"executed_lines": [], "summary": {"covered_lines": 0, "num_statements": 15, "percent_covered": 0.0, "percent_covered_display": "0", "missing_lines": 15, "excluded_lines": 2}, "missing_lines": [3, 4, 6, 9, 13, 16, 18, 20, 22, 23, 24, 25, 26, 27, 28], "excluded_lines": [31, 32]}}}, "src/server.py": {"executed_lines": [], "summary": {"covered_lines": 0, "num_statements": 91, "percent_covered": 0.0, "percent_covered_display": "0", "missing_lines": 91, "excluded_lines": 0}, "missing_lines": [3, 4, 5, 7, 8, 9, 10, 11, 12, 13, 14, 24, 27, 30, 41, 42, 43, 44, 45, 46, 48, 64, 65, 67, 70, 73, 74, 77, 78, 81, 82, 83, 84, 85, 86, 88, 90, 101, 102, 103, 106, 107, 108, 109, 112, 114, 115, 116, 117, 118, 121, 122, 124, 125, 127, 128, 129, 132, 133, 134, 135, 137, 140, 141, 142, 145, 146, 149, 150, 151, 154, 156, 157, 158, 162, 163, 164, 165, 166, 168, 174, 175, 177, 178, 180, 182, 183, 184, 185, 188, 189], "excluded_lines": [], "functions": {"ArgentumServer.__init__": {"executed_lines": [], "summary": {"covered_lines": 0, "num_statements": 6, "percent_covered": 0.0, "percent_covered_display": "0", "missing_lines": 6, "excluded_lines": 0}, "missing_lines": [41, 42, 43, 44, 45, 46], "excluded_lines": []}, "ArgentumServer.create_task": {"executed_lines": [], "summary": {"covered_lines": 0, "num_statements": 15, "percent_covered": 0.0, "percent_covered_display": "0", "missing_lines": 15, "excluded_lines": 0}, "missing_lines": [64, 65, 67, 70, 73, 74, 77, 78, 81, 82, 83, 84, 85, 86, 88], "excluded_lines": []}, "ArgentumServer.handle_client": {"executed_lines": [], "summary": {"covered_lines": 0, "num_statements": 24, "percent_covered": 0.0, "percent_covered_display": "0", "missing_lines": 24, "excluded_lines": 0}, "missing_lines": [101, 102, 103, 106, 107, 108, 109, 112, 114, 115, 116, 117, 118, 121, 122, 124, 125, 127, 128, 129, 132, 133, 134, 135], "excluded_lines": []}, "ArgentumServer.start": {"executed_lines": [], "summary": {"covered_lines": 0, "num_statements": 22, "percent_covered": 0.0, "percent_covered_display": "0", "missing_lines": 22, "excluded_lines": 0}, "missing_lines": [140, 141, 142, 145, 146, 149, 150, 151, 154, 156, 157, 158, 162, 163, 164, 165, 166, 168, 174, 175, 177, 178], "excluded_lines": []}, "ArgentumServer.stop": {"executed_lines": [], "summary": {"covered_lines": 0, "num_statements": 6, "percent_covered": 0.0, "percent_covered_display": "0", "missing_lines": 6, "excluded_lines": 0}, "missing_lines": [182, 183, 184, 185, 188, 189], "excluded_lines": []}, "": {"executed_lines": [], "summary": {"covered_lines": 0, "num_statements": 18, "percent_covered": 0.0, "percent_covered_display": "0", "missing_lines": 18, "excluded_lines": 0}, "missing_lines": [3, 4, 5, 7, 8, 9, 10, 11, 12, 13, 14, 24, 27, 30, 48, 90, 137, 180], "excluded_lines": []}}, "classes": {"ArgentumServer": {"executed_lines": [], "summary": {"covered_lines": 0, "num_statements": 73, "percent_covered": 0.0, "percent_covered_display": "0", "missing_lines": 73, "excluded_lines": 0}, "missing_lines": [41, 42, 43, 44, 45, 46, 64, 65, 67, 70, 73, 74, 77, 78, 81, 82, 83, 84, 85, 86, 88, 101, 102, 103, 106, 107, 108, 109, 112, 114, 115, 116, 117, 118, 121, 122, 124, 125, 127, 128, 129, 132, 133, 134, 135, 140, 141, 142, 145, 146, 149, 150, 151, 154, 156, 157, 158, 162, 163, 164, 165, 166, 168, 174, 175, 177, 178, 182, 183, 184, 185, 188, 189], "excluded_lines": []}, "": {"executed_lines": [], "summary": {"covered_lines": 0, "num_statements": 18, "percent_covered": 0.0, "percent_covered_display": "0", "missing_lines": 18, "excluded_lines": 0}, "missing_lines": [3, 4, 5, 7, 8, 9, 10, 11, 12, 13, 14, 24, 27, 30, 48, 90, 137, 180], "excluded_lines": []}}}, "src/task.py": {"executed_lines": [1, 3, 4, 6, 10, 11, 12, 15, 16, 18, 25, 26, 28, 29, 35, 36, 37, 38, 39, 40, 42], "summary": {"covered_lines": 16, "num_statements": 16, "percent_covered": 100.0, "percent_covered_display": "100", "missing_lines": 0, "excluded_lines": 6}, "missing_lines": [], "excluded_lines": [6, 7, 28, 29, 30, 31], "functions": {"Task.__init__": {"executed_lines": [25, 26], "summary": {"covered_lines": 2, "num_statements": 2, "percent_covered": 100.0, "percent_covered_display": "100", "missing_lines": 0, "excluded_lines": 0}, "missing_lines": [], "excluded_lines": []}, "Task.execute": {"executed_lines": [], "summary": {"covered_lines": 0, "num_statements": 0, "percent_covered": 100.0, "percent_covered_display": "100", "missing_lines": 0, "excluded_lines": 2}, "missing_lines": [], "excluded_lines": [30, 31]}, "": {"executed_lines": [1, 3, 4, 6, 10, 11, 12, 15, 16, 18, 28, 29, 35, 36, 37, 38, 39, 40, 42], "summary": {"covered_lines": 14, "num_statements": 14, "percent_covered": 100.0, "percent_covered_display": "100", "missing_lines": 0, "excluded_lines": 4}, "missing_lines": [], "excluded_lines": [6, 7, 28, 29]}}, "classes": {"Task": {"executed_lines": [25, 26], "summary": {"covered_lines": 2, "num_statements": 2, "percent_covered": 100.0, "percent_covered_display": "100", "missing_lines": 0, "excluded_lines": 2}, "missing_lines": [], "excluded_lines": [30, 31]}, "": {"executed_lines": [1, 3, 4, 6, 10, 11, 12, 15, 16, 18, 28, 29, 35, 36, 37, 38, 39, 40, 42], "summary": {"covered_lines": 14, "num_statements": 14, "percent_covered": 100.0, "percent_covered_display": "100", "missing_lines": 0, "excluded_lines": 4}, "missing_lines": [], "excluded_lines": [6, 7, 28, 29]}}}, "src/task_account.py": {"executed_lines": [1, 3, 4, 5, 7, 9, 14, 17, 18, 20, 37, 38, 39, 40, 42, 64, 65, 68, 69, 70, 71, 76, 77, 79, 86, 87, 88, 91, 94, 99, 100, 102, 105, 106, 107, 110, 111, 112, 113, 116, 118, 119, 120, 123, 126, 131, 132, 135, 138, 143, 144, 146, 147, 148, 149, 150, 151, 154, 155, 156, 162, 164, 165, 174, 176, 179, 180, 187, 188, 189, 193, 194, 196, 199, 208, 215, 222, 227, 233, 236, 237, 241, 244, 245, 252, 261, 262, 263, 264, 265, 275, 288, 291, 292, 295, 298, 301, 302, 305, 317, 320, 323, 325], "summary": {"covered_lines": 100, "num_statements": 130, "percent_covered": 76.92307692307692, "percent_covered_display": "77", "missing_lines": 30, "excluded_lines": 4}, "missing_lines": [80, 85, 92, 93, 103, 104, 136, 137, 158, 159, 160, 209, 210, 213, 216, 217, 220, 223, 224, 228, 229, 230, 238, 239, 329, 331, 332, 333, 334, 335], "excluded_lines": [9, 10, 11, 12], "functions": {"TaskCreateAccount.__init__": {"executed_lines": [37, 38, 39, 40], "summary": {"covered_lines": 4, "num_statements": 4, "percent_covered": 100.0, "percent_covered_display": "100", "missing_lines": 0, "excluded_lines": 0}, "missing_lines": [], "excluded_lines": []}, "TaskCreateAccount._parse_packet": {"executed_lines": [64, 65, 68, 69, 70, 71, 76, 77, 79, 86, 87, 88, 91, 94, 99, 100, 102, 105, 106, 107, 110, 111, 112, 113, 116, 118, 119, 120, 123, 126, 131, 132, 135, 138, 143, 144, 146, 147, 148, 149, 150, 151, 154, 155, 156, 162], "summary": {"covered_lines": 46, "num_statements": 57, "percent_covered": 80.70175438596492, "percent_covered_display": "81", "missing_lines": 11, "excluded_lines": 0}, "missing_lines": [80, 85, 92, 93, 103, 104, 136, 137, 158, 159, 160], "excluded_lines": []}, "TaskCreateAccount._hash_password": {"executed_lines": [174], "summary": {"covered_lines": 1, "num_statements": 1, "percent_covered": 100.0, "percent_covered_display": "100", "missing_lines": 0, "excluded_lines": 0}, "missing_lines": [], "excluded_lines": []}, "TaskCreateAccount.execute": {"executed_lines": [179, 180, 187, 188, 189, 193, 194, 196, 199, 208, 215, 222, 227, 233, 236, 237, 241, 244, 245, 252, 261, 262, 263, 264, 265, 275, 288, 291, 292, 295, 298, 301, 302, 305, 317, 320, 323, 325], "summary": {"covered_lines": 38, "num_statements": 57, "percent_covered": 66.66666666666667, "percent_covered_display": "67", "missing_lines": 19, "excluded_lines": 0}, "missing_lines": [209, 210, 213, 216, 217, 220, 223, 224, 228, 229, 230, 238, 239, 329, 331, 332, 333, 334, 335], "excluded_lines": []}, "": {"executed_lines": [1, 3, 4, 5, 7, 9, 14, 17, 18, 20, 42, 164, 165, 176], "summary": {"covered_lines": 11, "num_statements": 11, "percent_covered": 100.0, "percent_covered_display": "100", "missing_lines": 0, "excluded_lines": 4}, "missing_lines": [], "excluded_lines": [9, 10, 11, 12]}}, "classes": {"TaskCreateAccount": {"executed_lines": [37, 38, 39, 40, 64, 65, 68, 69, 70, 71, 76, 77, 79, 86, 87, 88, 91, 94, 99, 100, 102, 105, 106, 107, 110, 111, 112, 113, 116, 118, 119, 120, 123, 126, 131, 132, 135, 138, 143, 144, 146, 147, 148, 149, 150, 151, 154, 155, 156, 162, 174, 179, 180, 187, 188, 189, 193, 194, 196, 199, 208, 215, 222, 227, 233, 236, 237, 241, 244, 245, 252, 261, 262, 263, 264, 265, 275, 288, 291, 292, 295, 298, 301, 302, 305, 317, 320, 323, 325], "summary": {"covered_lines": 89, "num_statements": 119, "percent_covered": 74.78991596638656, "percent_covered_display": "75", "missing_lines": 30, "excluded_lines": 0}, "missing_lines": [80, 85, 92, 93, 103, 104, 136, 137, 158, 159, 160, 209, 210, 213, 216, 217, 220, 223, 224, 228, 229, 230, 238, 239, 329, 331, 332, 333, 334, 335], "excluded_lines": []}, "": {"executed_lines": [1, 3, 4, 5, 7, 9, 14, 17, 18, 20, 42, 164, 165, 176], "summary": {"covered_lines": 11, "num_statements": 11, "percent_covered": 100.0, "percent_covered_display": "100", "missing_lines": 0, "excluded_lines": 4}, "missing_lines": [], "excluded_lines": [9, 10, 11, 12]}}}, "src/task_attributes.py": {"executed_lines": [1, 3, 4, 6, 8, 12, 15, 16, 18, 37], "summary": {"covered_lines": 7, "num_statements": 35, "percent_covered": 20.0, "percent_covered_display": "20", "missing_lines": 28, "excluded_lines": 3}, "missing_lines": [33, 34, 35, 40, 41, 42, 49, 56, 59, 60, 61, 62, 64, 65, 69, 70, 73, 74, 75, 76, 77, 79, 80, 82, 83, 94, 102, 106], "excluded_lines": [8, 9, 10], "functions": {"TaskRequestAttributes.__init__": {"executed_lines": [], "summary": {"covered_lines": 0, "num_statements": 3, "percent_covered": 0.0, "percent_covered_display": "0", "missing_lines": 3, "excluded_lines": 0}, "missing_lines": [33, 34, 35], "excluded_lines": []}, "TaskRequestAttributes.execute": {"executed_lines": [], "summary": {"covered_lines": 0, "num_statements": 25, "percent_covered": 0.0, "percent_covered_display": "0", "missing_lines": 25, "excluded_lines": 0}, "missing_lines": [40, 41, 42, 49, 56, 59, 60, 61, 62, 64, 65, 69, 70, 73, 74, 75, 76, 77, 79, 80, 82, 83, 94, 102, 106], "excluded_lines": []}, "": {"executed_lines": [1, 3, 4, 6, 8, 12, 15, 16, 18, 37], "summary": {"covered_lines": 7, "num_statements": 7, "percent_covered": 100.0, "percent_covered_display": "100", "missing_lines": 0, "excluded_lines": 3}, "missing_lines": [], "excluded_lines": [8, 9, 10]}}, "classes": {"TaskRequestAttributes": {"executed_lines": [], "summary": {"covered_lines": 0, "num_statements": 28, "percent_covered": 0.0, "percent_covered_display": "0", "missing_lines": 28, "excluded_lines": 0}, "missing_lines": [33, 34, 35, 40, 41, 42, 49, 56, 59, 60, 61, 62, 64, 65, 69, 70, 73, 74, 75, 76, 77, 79, 80, 82, 83, 94, 102, 106], "excluded_lines": []}, "": {"executed_lines": [1, 3, 4, 6, 8, 12, 15, 16, 18, 37], "summary": {"covered_lines": 7, "num_statements": 7, "percent_covered": 100.0, "percent_covered_display": "100", "missing_lines": 0, "excluded_lines": 3}, "missing_lines": [], "excluded_lines": [8, 9, 10]}}}, "src/task_dice.py": {"executed_lines": [1, 3, 4, 5, 7, 9, 12, 15, 16, 18, 31, 32, 34, 37, 38, 39, 40, 41, 43, 54, 68], "summary": {"covered_lines": 18, "num_statements": 20, "percent_covered": 90.0, "percent_covered_display": "90", "missing_lines": 2, "excluded_lines": 2}, "missing_lines": [55, 62], "excluded_lines": [9, 10], "functions": {"TaskDice.__init__": {"executed_lines": [31, 32], "summary": {"covered_lines": 2, "num_statements": 2, "percent_covered": 100.0, "percent_covered_display": "100", "missing_lines": 0, "excluded_lines": 0}, "missing_lines": [], "excluded_lines": []}, "TaskDice.execute": {"executed_lines": [37, 38, 39, 40, 41, 43, 54, 68], "summary": {"covered_lines": 8, "num_statements": 10, "percent_covered": 80.0, "percent_covered_display": "80", "missing_lines": 2, "excluded_lines": 0}, "missing_lines": [55, 62], "excluded_lines": []}, "": {"executed_lines": [1, 3, 4, 5, 7, 9, 12, 15, 16, 18, 34], "summary": {"covered_lines": 8, "num_statements": 8, "percent_covered": 100.0, "percent_covered_display": "100", "missing_lines": 0, "excluded_lines": 2}, "missing_lines": [], "excluded_lines": [9, 10]}}, "classes": {"TaskDice": {"executed_lines": [31, 32, 37, 38, 39, 40, 41, 43, 54, 68], "summary": {"covered_lines": 10, "num_statements": 12, "percent_covered": 83.33333333333333, "percent_covered_display": "83", "missing_lines": 2, "excluded_lines": 0}, "missing_lines": [55, 62], "excluded_lines": []}, "": {"executed_lines": [1, 3, 4, 5, 7, 9, 12, 15, 16, 18, 34], "summary": {"covered_lines": 8, "num_statements": 8, "percent_covered": 100.0, "percent_covered_display": "100", "missing_lines": 0, "excluded_lines": 2}, "missing_lines": [], "excluded_lines": [9, 10]}}}, "src/task_login.py": {"executed_lines": [1, 3, 4, 5, 7, 9, 14, 17, 18, 20, 42, 93, 215, 216], "summary": {"covered_lines": 11, "num_statements": 88, "percent_covered": 12.5, "percent_covered_display": "12", "missing_lines": 77, "excluded_lines": 4}, "missing_lines": [37, 38, 39, 40, 55, 56, 59, 60, 61, 66, 68, 69, 70, 71, 74, 75, 76, 81, 83, 84, 85, 87, 88, 89, 91, 96, 97, 98, 102, 104, 105, 112, 113, 114, 115, 118, 119, 120, 121, 122, 125, 126, 127, 128, 129, 132, 133, 134, 137, 138, 139, 142, 145, 148, 150, 152, 153, 154, 155, 156, 163, 166, 169, 170, 178, 180, 182, 194, 195, 197, 200, 202, 204, 210, 211, 213, 225], "excluded_lines": [9, 10, 11, 12], "functions": {"TaskLogin.__init__": {"executed_lines": [], "summary": {"covered_lines": 0, "num_statements": 4, "percent_covered": 0.0, "percent_covered_display": "0", "missing_lines": 4, "excluded_lines": 0}, "missing_lines": [37, 38, 39, 40], "excluded_lines": []}, "TaskLogin._parse_packet": {"executed_lines": [], "summary": {"covered_lines": 0, "num_statements": 21, "percent_covered": 0.0, "percent_covered_display": "0", "missing_lines": 21, "excluded_lines": 0}, "missing_lines": [55, 56, 59, 60, 61, 66, 68, 69, 70, 71, 74, 75, 76, 81, 83, 84, 85, 87, 88, 89, 91], "excluded_lines": []}, "TaskLogin.execute": {"executed_lines": [], "summary": {"covered_lines": 0, "num_statements": 51, "percent_covered": 0.0, "percent_covered_display": "0", "missing_lines": 51, "excluded_lines": 0}, "missing_lines": [96, 97, 98, 102, 104, 105, 112, 113, 114, 115, 118, 119, 120, 121, 122, 125, 126, 127, 128, 129, 132, 133, 134, 137, 138, 139, 142, 145, 148, 150, 152, 153, 154, 155, 156, 163, 166, 169, 170, 178, 180, 182, 194, 195, 197, 200, 202, 204, 210, 211, 213], "excluded_lines": []}, "TaskLogin._hash_password": {"executed_lines": [], "summary": {"covered_lines": 0, "num_statements": 1, "percent_covered": 0.0, "percent_covered_display": "0", "missing_lines": 1, "excluded_lines": 0}, "missing_lines": [225], "excluded_lines": []}, "": {"executed_lines": [1, 3, 4, 5, 7, 9, 14, 17, 18, 20, 42, 93, 215, 216], "summary": {"covered_lines": 11, "num_statements": 11, "percent_covered": 100.0, "percent_covered_display": "100", "missing_lines": 0, "excluded_lines": 4}, "missing_lines": [], "excluded_lines": [9, 10, 11, 12]}}, "classes": {"TaskLogin": {"executed_lines": [], "summary": {"covered_lines": 0, "num_statements": 77, "percent_covered": 0.0, "percent_covered_display": "0", "missing_lines": 77, "excluded_lines": 0}, "missing_lines": [37, 38, 39, 40, 55, 56, 59, 60, 61, 66, 68, 69, 70, 71, 74, 75, 76, 81, 83, 84, 85, 87, 88, 89, 91, 96, 97, 98, 102, 104, 105, 112, 113, 114, 115, 118, 119, 120, 121, 122, 125, 126, 127, 128, 129, 132, 133, 134, 137, 138, 139, 142, 145, 148, 150, 152, 153, 154, 155, 156, 163, 166, 169, 170, 178, 180, 182, 194, 195, 197, 200, 202, 204, 210, 211, 213, 225], "excluded_lines": []}, "": {"executed_lines": [1, 3, 4, 5, 7, 9, 14, 17, 18, 20, 42, 93, 215, 216], "summary": {"covered_lines": 11, "num_statements": 11, "percent_covered": 100.0, "percent_covered_display": "100", "missing_lines": 0, "excluded_lines": 4}, "missing_lines": [], "excluded_lines": [9, 10, 11, 12]}}}, "src/task_null.py": {"executed_lines": [1, 3, 5, 7, 10, 11, 13, 15, 22, 23, 26, 27, 28, 31, 32, 33, 36], "summary": {"covered_lines": 15, "num_statements": 15, "percent_covered": 100.0, "percent_covered_display": "100", "missing_lines": 0, "excluded_lines": 0}, "missing_lines": [], "excluded_lines": [], "functions": {"TaskNull.execute": {"executed_lines": [15, 22, 23, 26, 27, 28, 31, 32, 33, 36], "summary": {"covered_lines": 10, "num_statements": 10, "percent_covered": 100.0, "percent_covered_display": "100", "missing_lines": 0, "excluded_lines": 0}, "missing_lines": [], "excluded_lines": []}, "": {"executed_lines": [1, 3, 5, 7, 10, 11, 13], "summary": {"covered_lines": 5, "num_statements": 5, "percent_covered": 100.0, "percent_covered_display": "100", "missing_lines": 0, "excluded_lines": 0}, "missing_lines": [], "excluded_lines": []}}, "classes": {"TaskNull": {"executed_lines": [15, 22, 23, 26, 27, 28, 31, 32, 33, 36], "summary": {"covered_lines": 10, "num_statements": 10, "percent_covered": 100.0, "percent_covered_display": "100", "missing_lines": 0, "excluded_lines": 0}, "missing_lines": [], "excluded_lines": []}, "": {"executed_lines": [1, 3, 5, 7, 10, 11, 13], "summary": {"covered_lines": 5, "num_statements": 5, "percent_covered": 100.0, "percent_covered_display": "100", "missing_lines": 0, "excluded_lines": 0}, "missing_lines": [], "excluded_lines": []}}}, "src/task_talk.py": {"executed_lines": [1, 3, 4, 6, 8, 11, 14, 15, 17, 33, 58], "summary": {"covered_lines": 8, "num_statements": 30, "percent_covered": 26.666666666666668, "percent_covered_display": "27", "missing_lines": 22, "excluded_lines": 2}, "missing_lines": [30, 31, 41, 42, 43, 46, 49, 50, 53, 55, 56, 60, 62, 63, 67, 70, 71, 72, 74, 75, 79, 81], "excluded_lines": [8, 9], "functions": {"TaskTalk.__init__": {"executed_lines": [], "summary": {"covered_lines": 0, "num_statements": 2, "percent_covered": 0.0, "percent_covered_display": "0", "missing_lines": 2, "excluded_lines": 0}, "missing_lines": [30, 31], "excluded_lines": []}, "TaskTalk._parse_packet": {"executed_lines": [], "summary": {"covered_lines": 0, "num_statements": 9, "percent_covered": 0.0, "percent_covered_display": "0", "missing_lines": 9, "excluded_lines": 0}, "missing_lines": [41, 42, 43, 46, 49, 50, 53, 55, 56], "excluded_lines": []}, "TaskTalk.execute": {"executed_lines": [], "summary": {"covered_lines": 0, "num_statements": 11, "percent_covered": 0.0, "percent_covered_display": "0", "missing_lines": 11, "excluded_lines": 0}, "missing_lines": [60, 62, 63, 67, 70, 71, 72, 74, 75, 79, 81], "excluded_lines": []}, "": {"executed_lines": [1, 3, 4, 6, 8, 11, 14, 15, 17, 33, 58], "summary": {"covered_lines": 8, "num_statements": 8, "percent_covered": 100.0, "percent_covered_display": "100", "missing_lines": 0, "excluded_lines": 2}, "missing_lines": [], "excluded_lines": [8, 9]}}, "classes": {"TaskTalk": {"executed_lines": [], "summary": {"covered_lines": 0, "num_statements": 22, "percent_covered": 0.0, "percent_covered_display": "0", "missing_lines": 22, "excluded_lines": 0}, "missing_lines": [30, 31, 41, 42, 43, 46, 49, 50, 53, 55, 56, 60, 62, 63, 67, 70, 71, 72, 74, 75, 79, 81], "excluded_lines": []}, "": {"executed_lines": [1, 3, 4, 6, 8, 11, 14, 15, 17, 33, 58], "summary": {"covered_lines": 8, "num_statements": 8, "percent_covered": 100.0, "percent_covered_display": "100", "missing_lines": 0, "excluded_lines": 2}, "missing_lines": [], "excluded_lines": [8, 9]}}}}, "totals": {"covered_lines": 489, "num_statements": 879, "percent_covered": 55.63139931740614, "percent_covered_display": "56", "missing_lines": 390, "excluded_lines": 29}}